TN:
SF:src\components\AiPanel.tsx
FN:86,playBootBlip
FN:95,(anonymous_1)
FN:112,playExitBlip
FN:121,(anonymous_3)
FN:233,termBtn
FN:258,slotPrefKey
FN:259,resumeTextKey
FN:261,loadSlotPref
FN:266,(anonymous_8)
FN:271,saveSlotPref
FN:275,loadResumeText
FN:279,saveResumeText
FN:287,AiPanel
FN:288,(anonymous_13)
FN:293,(anonymous_14)
FN:295,(anonymous_15)
FN:311,(anonymous_16)
FN:314,(anonymous_17)
FN:322,(anonymous_18)
FN:328,(anonymous_19)
FN:332,(anonymous_20)
FN:339,toggleSlot
FN:340,(anonymous_22)
FN:341,(anonymous_23)
FN:347,resolveSystemPrompt
FN:351,quickPromptText
FN:357,applyQuickPrompt
FN:361,openGear
FN:366,saveGear
FN:385,assemblePrompt
FN:401,handleGenerate
FN:414,(anonymous_31)
FN:414,(anonymous_32)
FN:415,(anonymous_33)
FN:416,(anonymous_34)
FN:417,(anonymous_35)
FN:423,handleCopy
FN:424,(anonymous_37)
FN:436,(anonymous_38)
FN:439,handleBack
FN:445,handleClose
FN:503,(anonymous_41)
FN:526,(anonymous_42)
FN:536,(anonymous_43)
FN:554,(anonymous_44)
FN:559,(anonymous_45)
FN:575,(anonymous_46)
FN:575,(anonymous_47)
FN:585,(anonymous_48)
FN:606,(anonymous_49)
FN:619,(anonymous_50)
FN:633,(anonymous_51)
FN:639,(anonymous_52)
FN:648,(anonymous_53)
FN:654,(anonymous_54)
FN:663,(anonymous_55)
FN:669,(anonymous_56)
FN:687,(anonymous_57)
FN:693,(anonymous_58)
FN:789,(anonymous_59)
FN:815,(anonymous_60)
FNF:61
FNH:0
FNDA:0,playBootBlip
FNDA:0,(anonymous_1)
FNDA:0,playExitBlip
FNDA:0,(anonymous_3)
FNDA:0,termBtn
FNDA:0,slotPrefKey
FNDA:0,resumeTextKey
FNDA:0,loadSlotPref
FNDA:0,(anonymous_8)
FNDA:0,saveSlotPref
FNDA:0,loadResumeText
FNDA:0,saveResumeText
FNDA:0,AiPanel
FNDA:0,(anonymous_13)
FNDA:0,(anonymous_14)
FNDA:0,(anonymous_15)
FNDA:0,(anonymous_16)
FNDA:0,(anonymous_17)
FNDA:0,(anonymous_18)
FNDA:0,(anonymous_19)
FNDA:0,(anonymous_20)
FNDA:0,toggleSlot
FNDA:0,(anonymous_22)
FNDA:0,(anonymous_23)
FNDA:0,resolveSystemPrompt
FNDA:0,quickPromptText
FNDA:0,applyQuickPrompt
FNDA:0,openGear
FNDA:0,saveGear
FNDA:0,assemblePrompt
FNDA:0,handleGenerate
FNDA:0,(anonymous_31)
FNDA:0,(anonymous_32)
FNDA:0,(anonymous_33)
FNDA:0,(anonymous_34)
FNDA:0,(anonymous_35)
FNDA:0,handleCopy
FNDA:0,(anonymous_37)
FNDA:0,(anonymous_38)
FNDA:0,handleBack
FNDA:0,handleClose
FNDA:0,(anonymous_41)
FNDA:0,(anonymous_42)
FNDA:0,(anonymous_43)
FNDA:0,(anonymous_44)
FNDA:0,(anonymous_45)
FNDA:0,(anonymous_46)
FNDA:0,(anonymous_47)
FNDA:0,(anonymous_48)
FNDA:0,(anonymous_49)
FNDA:0,(anonymous_50)
FNDA:0,(anonymous_51)
FNDA:0,(anonymous_52)
FNDA:0,(anonymous_53)
FNDA:0,(anonymous_54)
FNDA:0,(anonymous_55)
FNDA:0,(anonymous_56)
FNDA:0,(anonymous_57)
FNDA:0,(anonymous_58)
FNDA:0,(anonymous_59)
FNDA:0,(anonymous_60)
DA:1,0
DA:2,0
DA:3,0
DA:4,0
DA:5,0
DA:6,0
DA:9,0
DA:60,0
DA:61,0
DA:62,0
DA:63,0
DA:64,0
DA:68,0
DA:77,0
DA:83,0
DA:87,0
DA:88,0
DA:89,0
DA:90,0
DA:95,0
DA:96,0
DA:97,0
DA:98,0
DA:99,0
DA:100,0
DA:101,0
DA:102,0
DA:103,0
DA:104,0
DA:105,0
DA:106,0
DA:107,0
DA:113,0
DA:114,0
DA:115,0
DA:116,0
DA:121,0
DA:122,0
DA:123,0
DA:124,0
DA:125,0
DA:126,0
DA:127,0
DA:128,0
DA:129,0
DA:130,0
DA:131,0
DA:132,0
DA:133,0
DA:139,0
DA:170,0
DA:210,0
DA:225,0
DA:227,0
DA:234,0
DA:235,0
DA:247,0
DA:258,0
DA:259,0
DA:262,0
DA:263,0
DA:264,0
DA:265,0
DA:266,0
DA:267,0
DA:268,0
DA:272,0
DA:276,0
DA:280,0
DA:281,0
DA:282,0
DA:287,0
DA:288,0
DA:290,0
DA:291,0
DA:292,0
DA:293,0
DA:294,0
DA:295,0
DA:296,0
DA:297,0
DA:298,0
DA:299,0
DA:300,0
DA:301,0
DA:302,0
DA:303,0
DA:304,0
DA:305,0
DA:307,0
DA:308,0
DA:311,0
DA:312,0
DA:314,0
DA:315,0
DA:316,0
DA:317,0
DA:320,0
DA:322,0
DA:323,0
DA:324,0
DA:325,0
DA:328,0
DA:332,0
DA:333,0
DA:334,0
DA:340,0
DA:341,0
DA:342,0
DA:343,0
DA:348,0
DA:352,0
DA:353,0
DA:354,0
DA:358,0
DA:362,0
DA:363,0
DA:367,0
DA:368,0
DA:374,0
DA:380,0
DA:381,0
DA:382,0
DA:386,0
DA:387,0
DA:388,0
DA:389,0
DA:390,0
DA:392,0
DA:393,0
DA:395,0
DA:396,0
DA:397,0
DA:398,0
DA:402,0
DA:403,0
DA:404,0
DA:405,0
DA:406,0
DA:407,0
DA:408,0
DA:409,0
DA:414,0
DA:415,0
DA:417,0
DA:418,0
DA:424,0
DA:425,0
DA:426,0
DA:427,0
DA:428,0
DA:429,0
DA:430,0
DA:431,0
DA:432,0
DA:435,0
DA:436,0
DA:440,0
DA:441,0
DA:442,0
DA:446,0
DA:447,0
DA:452,0
DA:455,0
DA:458,0
DA:503,0
DA:526,0
DA:537,0
DA:555,0
DA:556,0
DA:559,0
DA:575,0
DA:586,0
DA:587,0
DA:588,0
DA:606,0
DA:619,0
DA:633,0
DA:639,0
DA:648,0
DA:654,0
DA:663,0
DA:669,0
DA:687,0
DA:693,0
DA:789,0
DA:815,0
LF:187
LH:0
BRDA:60,0,0,0
BRDA:60,0,1,0
BRDA:60,1,0,0
BRDA:60,1,1,0
BRDA:87,2,0,0
BRDA:87,2,1,0
BRDA:113,3,0,0
BRDA:113,3,1,0
BRDA:234,4,0,0
BRDA:234,4,1,0
BRDA:234,5,0,0
BRDA:234,5,1,0
BRDA:238,6,0,0
BRDA:238,6,1,0
BRDA:239,7,0,0
BRDA:239,7,1,0
BRDA:240,8,0,0
BRDA:240,8,1,0
BRDA:264,9,0,0
BRDA:264,9,1,0
BRDA:267,10,0,0
BRDA:267,10,1,0
BRDA:276,11,0,0
BRDA:276,11,1,0
BRDA:281,12,0,0
BRDA:281,12,1,0
BRDA:300,13,0,0
BRDA:300,13,1,0
BRDA:301,14,0,0
BRDA:301,14,1,0
BRDA:317,15,0,0
BRDA:317,15,1,0
BRDA:323,16,0,0
BRDA:323,16,1,0
BRDA:325,17,0,0
BRDA:325,17,1,0
BRDA:333,18,0,0
BRDA:333,18,1,0
BRDA:341,19,0,0
BRDA:341,19,1,0
BRDA:352,20,0,0
BRDA:352,20,1,0
BRDA:352,21,0,0
BRDA:352,21,1,0
BRDA:353,22,0,0
BRDA:353,22,1,0
BRDA:353,23,0,0
BRDA:353,23,1,0
BRDA:354,24,0,0
BRDA:354,24,1,0
BRDA:367,25,0,0
BRDA:367,25,1,0
BRDA:370,26,0,0
BRDA:370,26,1,0
BRDA:371,27,0,0
BRDA:371,27,1,0
BRDA:372,28,0,0
BRDA:372,28,1,0
BRDA:376,29,0,0
BRDA:376,29,1,0
BRDA:377,30,0,0
BRDA:377,30,1,0
BRDA:378,31,0,0
BRDA:378,31,1,0
BRDA:389,32,0,0
BRDA:389,32,1,0
BRDA:390,33,0,0
BRDA:390,33,1,0
BRDA:392,34,0,0
BRDA:392,34,1,0
BRDA:392,35,0,0
BRDA:392,35,1,0
BRDA:396,36,0,0
BRDA:396,36,1,0
BRDA:397,37,0,0
BRDA:397,37,1,0
BRDA:452,38,0,0
BRDA:452,38,1,0
BRDA:452,38,2,0
BRDA:455,39,0,0
BRDA:455,39,1,0
BRDA:487,40,0,0
BRDA:487,40,1,0
BRDA:492,41,0,0
BRDA:492,41,1,0
BRDA:497,42,0,0
BRDA:497,42,1,0
BRDA:518,43,0,0
BRDA:518,43,1,0
BRDA:527,44,0,0
BRDA:527,44,1,0
BRDA:530,45,0,0
BRDA:530,45,1,0
BRDA:531,46,0,0
BRDA:531,46,1,0
BRDA:534,47,0,0
BRDA:534,47,1,0
BRDA:546,48,0,0
BRDA:546,48,1,0
BRDA:563,49,0,0
BRDA:563,49,1,0
BRDA:564,50,0,0
BRDA:564,50,1,0
BRDA:565,51,0,0
BRDA:565,51,1,0
BRDA:576,52,0,0
BRDA:576,52,1,0
BRDA:580,53,0,0
BRDA:580,53,1,0
BRDA:593,54,0,0
BRDA:593,54,1,0
BRDA:678,55,0,0
BRDA:678,55,1,0
BRDA:681,56,0,0
BRDA:681,56,1,0
BRDA:681,57,0,0
BRDA:681,57,1,0
BRDA:705,58,0,0
BRDA:705,58,1,0
BRDA:706,59,0,0
BRDA:706,59,1,0
BRDA:720,60,0,0
BRDA:720,60,1,0
BRDA:723,61,0,0
BRDA:723,61,1,0
BRDA:749,62,0,0
BRDA:749,62,1,0
BRDA:754,63,0,0
BRDA:754,63,1,0
BRDA:762,64,0,0
BRDA:762,64,1,0
BRDA:797,65,0,0
BRDA:797,65,1,0
BRDA:798,66,0,0
BRDA:798,66,1,0
BRF:135
BRH:0
end_of_record
TN:
SF:src\components\AppDetailCard.tsx
FN:68,playBootBlip
FN:78,(anonymous_1)
FN:96,startTerminalHum
FN:97,(anonymous_3)
FN:194,(anonymous_4)
FN:200,(anonymous_5)
FN:204,(anonymous_6)
FN:209,playExitBlip
FN:218,(anonymous_8)
FN:236,playConsoleBlip
FN:278,playSaveBlip
FN:286,(anonymous_11)
FN:325,AppDetailCard
FN:326,(anonymous_13)
FN:337,handleClose
FN:343,(anonymous_15)
FN:350,(anonymous_16)
FN:351,onKey
FN:355,(anonymous_18)
FN:359,(anonymous_19)
FN:364,(anonymous_20)
FN:372,(anonymous_21)
FN:386,(anonymous_22)
FN:390,goJob
FN:392,(anonymous_24)
FN:395,goPage
FN:403,update
FN:408,handleSave
FN:420,(anonymous_28)
FN:424,(anonymous_29)
FN:438,(anonymous_30)
FN:471,(anonymous_31)
FN:487,(anonymous_32)
FN:524,(anonymous_33)
FN:537,(anonymous_34)
FN:551,(anonymous_35)
FN:565,(anonymous_36)
FN:587,(anonymous_37)
FN:604,(anonymous_38)
FN:627,(anonymous_39)
FNF:40
FNH:0
FNDA:0,playBootBlip
FNDA:0,(anonymous_1)
FNDA:0,startTerminalHum
FNDA:0,(anonymous_3)
FNDA:0,(anonymous_4)
FNDA:0,(anonymous_5)
FNDA:0,(anonymous_6)
FNDA:0,playExitBlip
FNDA:0,(anonymous_8)
FNDA:0,playConsoleBlip
FNDA:0,playSaveBlip
FNDA:0,(anonymous_11)
FNDA:0,AppDetailCard
FNDA:0,(anonymous_13)
FNDA:0,handleClose
FNDA:0,(anonymous_15)
FNDA:0,(anonymous_16)
FNDA:0,onKey
FNDA:0,(anonymous_18)
FNDA:0,(anonymous_19)
FNDA:0,(anonymous_20)
FNDA:0,(anonymous_21)
FNDA:0,(anonymous_22)
FNDA:0,goJob
FNDA:0,(anonymous_24)
FNDA:0,goPage
FNDA:0,update
FNDA:0,handleSave
FNDA:0,(anonymous_28)
FNDA:0,(anonymous_29)
FNDA:0,(anonymous_30)
FNDA:0,(anonymous_31)
FNDA:0,(anonymous_32)
FNDA:0,(anonymous_33)
FNDA:0,(anonymous_34)
FNDA:0,(anonymous_35)
FNDA:0,(anonymous_36)
FNDA:0,(anonymous_37)
FNDA:0,(anonymous_38)
FNDA:0,(anonymous_39)
DA:1,0
DA:3,0
DA:4,0
DA:7,0
DA:60,0
DA:61,0
DA:62,0
DA:63,0
DA:64,0
DA:69,0
DA:70,0
DA:71,0
DA:73,0
DA:78,0
DA:79,0
DA:80,0
DA:81,0
DA:82,0
DA:83,0
DA:84,0
DA:85,0
DA:86,0
DA:87,0
DA:88,0
DA:89,0
DA:90,0
DA:97,0
DA:98,0
DA:99,0
DA:102,0
DA:103,0
DA:104,0
DA:105,0
DA:108,0
DA:109,0
DA:110,0
DA:111,0
DA:112,0
DA:115,0
DA:116,0
DA:117,0
DA:119,0
DA:120,0
DA:121,0
DA:123,0
DA:124,0
DA:125,0
DA:127,0
DA:128,0
DA:129,0
DA:132,0
DA:133,0
DA:134,0
DA:135,0
DA:137,0
DA:138,0
DA:139,0
DA:140,0
DA:141,0
DA:142,0
DA:144,0
DA:145,0
DA:146,0
DA:147,0
DA:149,0
DA:150,0
DA:151,0
DA:153,0
DA:154,0
DA:155,0
DA:156,0
DA:159,0
DA:160,0
DA:161,0
DA:162,0
DA:164,0
DA:165,0
DA:166,0
DA:168,0
DA:169,0
DA:170,0
DA:172,0
DA:173,0
DA:174,0
DA:176,0
DA:177,0
DA:178,0
DA:179,0
DA:182,0
DA:183,0
DA:184,0
DA:186,0
DA:187,0
DA:189,0
DA:190,0
DA:191,0
DA:194,0
DA:195,0
DA:196,0
DA:197,0
DA:198,0
DA:199,0
DA:200,0
DA:204,0
DA:210,0
DA:211,0
DA:212,0
DA:213,0
DA:218,0
DA:219,0
DA:220,0
DA:221,0
DA:222,0
DA:223,0
DA:224,0
DA:225,0
DA:226,0
DA:227,0
DA:228,0
DA:229,0
DA:230,0
DA:237,0
DA:238,0
DA:239,0
DA:241,0
DA:242,0
DA:243,0
DA:244,0
DA:247,0
DA:248,0
DA:249,0
DA:250,0
DA:251,0
DA:252,0
DA:253,0
DA:254,0
DA:255,0
DA:256,0
DA:257,0
DA:258,0
DA:259,0
DA:260,0
DA:263,0
DA:264,0
DA:265,0
DA:266,0
DA:267,0
DA:268,0
DA:269,0
DA:270,0
DA:271,0
DA:272,0
DA:273,0
DA:279,0
DA:280,0
DA:281,0
DA:282,0
DA:286,0
DA:287,0
DA:288,0
DA:289,0
DA:290,0
DA:291,0
DA:292,0
DA:293,0
DA:294,0
DA:295,0
DA:296,0
DA:297,0
DA:298,0
DA:312,0
DA:320,0
DA:321,0
DA:322,0
DA:325,0
DA:326,0
DA:327,0
DA:328,0
DA:329,0
DA:330,0
DA:331,0
DA:332,0
DA:333,0
DA:335,0
DA:338,0
DA:339,0
DA:343,0
DA:344,0
DA:345,0
DA:346,0
DA:350,0
DA:352,0
DA:354,0
DA:355,0
DA:359,0
DA:360,0
DA:364,0
DA:365,0
DA:367,0
DA:368,0
DA:369,0
DA:371,0
DA:372,0
DA:373,0
DA:374,0
DA:375,0
DA:376,0
DA:386,0
DA:387,0
DA:391,0
DA:392,0
DA:396,0
DA:397,0
DA:398,0
DA:399,0
DA:404,0
DA:405,0
DA:409,0
DA:410,0
DA:411,0
DA:412,0
DA:417,0
DA:418,0
DA:419,0
DA:420,0
DA:422,0
DA:423,0
DA:424,0
DA:428,0
DA:430,0
DA:431,0
DA:433,0
DA:438,0
DA:471,0
DA:487,0
DA:524,0
DA:537,0
DA:551,0
DA:565,0
DA:587,0
DA:604,0
DA:627,0
LF:242
LH:0
BRDA:60,0,0,0
BRDA:60,0,1,0
BRDA:60,1,0,0
BRDA:60,1,1,0
BRDA:69,2,0,0
BRDA:69,2,1,0
BRDA:97,3,0,0
BRDA:97,3,1,0
BRDA:210,4,0,0
BRDA:210,4,1,0
BRDA:236,5,0,0
BRDA:237,6,0,0
BRDA:237,6,1,0
BRDA:241,7,0,0
BRDA:241,7,1,0
BRDA:279,8,0,0
BRDA:279,8,1,0
BRDA:327,9,0,0
BRDA:327,9,1,0
BRDA:335,10,0,0
BRDA:335,10,1,0
BRDA:352,11,0,0
BRDA:352,11,1,0
BRDA:365,12,0,0
BRDA:365,12,1,0
BRDA:365,13,0,0
BRDA:365,13,1,0
BRDA:367,14,0,0
BRDA:367,14,1,0
BRDA:367,15,0,0
BRDA:367,15,1,0
BRDA:367,15,2,0
BRDA:374,16,0,0
BRDA:374,16,1,0
BRDA:378,17,0,0
BRDA:378,17,1,0
BRDA:379,18,0,0
BRDA:379,18,1,0
BRDA:380,19,0,0
BRDA:380,19,1,0
BRDA:391,20,0,0
BRDA:391,20,1,0
BRDA:397,21,0,0
BRDA:397,21,1,0
BRDA:397,22,0,0
BRDA:397,22,1,0
BRDA:398,23,0,0
BRDA:398,23,1,0
BRDA:404,24,0,0
BRDA:404,24,1,0
BRDA:409,25,0,0
BRDA:409,25,1,0
BRDA:409,26,0,0
BRDA:409,26,1,0
BRDA:413,27,0,0
BRDA:413,27,1,0
BRDA:414,28,0,0
BRDA:414,28,1,0
BRDA:415,29,0,0
BRDA:415,29,1,0
BRDA:417,30,0,0
BRDA:417,30,1,0
BRDA:428,31,0,0
BRDA:428,31,1,0
BRDA:438,32,0,0
BRDA:438,32,1,0
BRDA:482,33,0,0
BRDA:482,33,1,0
BRDA:483,34,0,0
BRDA:483,34,1,0
BRDA:514,35,0,0
BRDA:514,35,1,0
BRDA:550,36,0,0
BRDA:550,36,1,0
BRDA:564,37,0,0
BRDA:564,37,1,0
BRDA:574,38,0,0
BRDA:574,38,1,0
BRDA:575,39,0,0
BRDA:575,39,1,0
BRDA:586,40,0,0
BRDA:586,40,1,0
BRDA:615,41,0,0
BRDA:615,41,1,0
BRDA:618,42,0,0
BRDA:618,42,1,0
BRDA:618,43,0,0
BRDA:618,43,1,0
BRDA:619,44,0,0
BRDA:619,44,1,0
BRDA:619,45,0,0
BRDA:619,45,1,0
BRDA:621,46,0,0
BRDA:621,46,1,0
BRDA:621,47,0,0
BRDA:621,47,1,0
BRDA:623,48,0,0
BRDA:623,48,1,0
BRDA:623,49,0,0
BRDA:623,49,1,0
BRDA:623,50,0,0
BRDA:623,50,1,0
BRF:102
BRH:0
end_of_record
TN:
SF:src\components\MusicPlayer.tsx
FN:31,saveResume
FN:35,loadResume
FN:51,loadTracks
FN:62,loadVolume
FN:73,loadShuffle
FN:81,extractVideoId
FN:105,loadYTApi
FN:110,(anonymous_7)
FN:112,(anonymous_8)
FN:120,playMusicBlip
FN:140,MusicPlayer
FN:144,(anonymous_11)
FN:174,(anonymous_12)
FN:175,(anonymous_13)
FN:178,(anonymous_14)
FN:180,(anonymous_15)
FN:187,(anonymous_16)
FN:192,(anonymous_17)
FN:197,(anonymous_18)
FN:202,(anonymous_19)
FN:203,onOutside
FN:209,(anonymous_21)
FN:213,(anonymous_22)
FN:214,(anonymous_23)
FN:215,(anonymous_24)
FN:216,(anonymous_25)
FN:217,(anonymous_26)
FN:219,(anonymous_27)
FN:240,(anonymous_28)
FN:247,(anonymous_29)
FN:251,(anonymous_30)
FN:268,(anonymous_31)
FN:281,(anonymous_32)
FN:282,(anonymous_33)
FN:292,(anonymous_34)
FN:293,(anonymous_35)
FN:300,(anonymous_36)
FN:304,(anonymous_37)
FN:305,onUnload
FN:312,(anonymous_39)
FN:316,(anonymous_40)
FN:321,addTrack
FN:329,(anonymous_42)
FN:333,(anonymous_43)
FN:335,(anonymous_44)
FN:335,(anonymous_45)
FN:341,playTrack
FN:348,togglePlay
FN:359,prev
FN:364,next
FN:375,removeTrack
FN:376,(anonymous_51)
FN:377,(anonymous_52)
FN:387,startEdit
FN:392,commitEdit
FN:394,(anonymous_55)
FN:395,(anonymous_56)
FN:418,(anonymous_57)
FN:418,(anonymous_58)
FN:456,(anonymous_59)
FN:462,(anonymous_60)
FN:462,(anonymous_61)
FN:473,(anonymous_62)
FN:481,(anonymous_63)
FN:482,(anonymous_64)
FN:483,(anonymous_65)
FN:489,(anonymous_66)
FN:494,(anonymous_67)
FN:499,(anonymous_68)
FN:513,(anonymous_69)
FN:513,(anonymous_70)
FN:524,(anonymous_71)
FN:525,(anonymous_72)
FN:532,(anonymous_73)
FN:533,(anonymous_74)
FNF:75
FNH:0
FNDA:0,saveResume
FNDA:0,loadResume
FNDA:0,loadTracks
FNDA:0,loadVolume
FNDA:0,loadShuffle
FNDA:0,extractVideoId
FNDA:0,loadYTApi
FNDA:0,(anonymous_7)
FNDA:0,(anonymous_8)
FNDA:0,playMusicBlip
FNDA:0,MusicPlayer
FNDA:0,(anonymous_11)
FNDA:0,(anonymous_12)
FNDA:0,(anonymous_13)
FNDA:0,(anonymous_14)
FNDA:0,(anonymous_15)
FNDA:0,(anonymous_16)
FNDA:0,(anonymous_17)
FNDA:0,(anonymous_18)
FNDA:0,(anonymous_19)
FNDA:0,onOutside
FNDA:0,(anonymous_21)
FNDA:0,(anonymous_22)
FNDA:0,(anonymous_23)
FNDA:0,(anonymous_24)
FNDA:0,(anonymous_25)
FNDA:0,(anonymous_26)
FNDA:0,(anonymous_27)
FNDA:0,(anonymous_28)
FNDA:0,(anonymous_29)
FNDA:0,(anonymous_30)
FNDA:0,(anonymous_31)
FNDA:0,(anonymous_32)
FNDA:0,(anonymous_33)
FNDA:0,(anonymous_34)
FNDA:0,(anonymous_35)
FNDA:0,(anonymous_36)
FNDA:0,(anonymous_37)
FNDA:0,onUnload
FNDA:0,(anonymous_39)
FNDA:0,(anonymous_40)
FNDA:0,addTrack
FNDA:0,(anonymous_42)
FNDA:0,(anonymous_43)
FNDA:0,(anonymous_44)
FNDA:0,(anonymous_45)
FNDA:0,playTrack
FNDA:0,togglePlay
FNDA:0,prev
FNDA:0,next
FNDA:0,removeTrack
FNDA:0,(anonymous_51)
FNDA:0,(anonymous_52)
FNDA:0,startEdit
FNDA:0,commitEdit
FNDA:0,(anonymous_55)
FNDA:0,(anonymous_56)
FNDA:0,(anonymous_57)
FNDA:0,(anonymous_58)
FNDA:0,(anonymous_59)
FNDA:0,(anonymous_60)
FNDA:0,(anonymous_61)
FNDA:0,(anonymous_62)
FNDA:0,(anonymous_63)
FNDA:0,(anonymous_64)
FNDA:0,(anonymous_65)
FNDA:0,(anonymous_66)
FNDA:0,(anonymous_67)
FNDA:0,(anonymous_68)
FNDA:0,(anonymous_69)
FNDA:0,(anonymous_70)
FNDA:0,(anonymous_71)
FNDA:0,(anonymous_72)
FNDA:0,(anonymous_73)
FNDA:0,(anonymous_74)
DA:1,0
DA:2,0
DA:3,0
DA:4,0
DA:5,0
DA:19,0
DA:20,0
DA:21,0
DA:22,0
DA:23,0
DA:32,0
DA:36,0
DA:37,0
DA:38,0
DA:40,0
DA:43,0
DA:52,0
DA:53,0
DA:54,0
DA:55,0
DA:56,0
DA:59,0
DA:63,0
DA:64,0
DA:65,0
DA:66,0
DA:67,0
DA:70,0
DA:74,0
DA:75,0
DA:76,0
DA:78,0
DA:82,0
DA:83,0
DA:84,0
DA:85,0
DA:86,0
DA:87,0
DA:88,0
DA:90,0
DA:101,0
DA:102,0
DA:103,0
DA:106,0
DA:107,0
DA:108,0
DA:109,0
DA:110,0
DA:111,0
DA:112,0
DA:113,0
DA:115,0
DA:116,0
DA:117,0
DA:121,0
DA:122,0
DA:123,0
DA:124,0
DA:125,0
DA:126,0
DA:127,0
DA:128,0
DA:129,0
DA:130,0
DA:131,0
DA:132,0
DA:133,0
DA:134,0
DA:138,0
DA:140,0
DA:141,0
DA:142,0
DA:143,0
DA:144,0
DA:145,0
DA:146,0
DA:147,0
DA:149,0
DA:150,0
DA:151,0
DA:152,0
DA:153,0
DA:154,0
DA:155,0
DA:156,0
DA:158,0
DA:159,0
DA:160,0
DA:161,0
DA:163,0
DA:164,0
DA:165,0
DA:166,0
DA:167,0
DA:169,0
DA:170,0
DA:171,0
DA:174,0
DA:175,0
DA:176,0
DA:177,0
DA:178,0
DA:179,0
DA:180,0
DA:187,0
DA:188,0
DA:192,0
DA:193,0
DA:197,0
DA:198,0
DA:202,0
DA:204,0
DA:205,0
DA:208,0
DA:209,0
DA:213,0
DA:214,0
DA:215,0
DA:216,0
DA:217,0
DA:219,0
DA:220,0
DA:221,0
DA:222,0
DA:223,0
DA:225,0
DA:226,0
DA:227,0
DA:228,0
DA:230,0
DA:231,0
DA:233,0
DA:241,0
DA:242,0
DA:243,0
DA:244,0
DA:248,0
DA:249,0
DA:250,0
DA:251,0
DA:252,0
DA:254,0
DA:255,0
DA:257,0
DA:260,0
DA:261,0
DA:267,0
DA:268,0
DA:269,0
DA:270,0
DA:271,0
DA:272,0
DA:274,0
DA:275,0
DA:276,0
DA:281,0
DA:282,0
DA:283,0
DA:284,0
DA:285,0
DA:286,0
DA:292,0
DA:293,0
DA:294,0
DA:295,0
DA:296,0
DA:297,0
DA:300,0
DA:304,0
DA:306,0
DA:307,0
DA:308,0
DA:311,0
DA:312,0
DA:316,0
DA:317,0
DA:318,0
DA:322,0
DA:323,0
DA:324,0
DA:325,0
DA:326,0
DA:327,0
DA:328,0
DA:329,0
DA:330,0
DA:331,0
DA:332,0
DA:333,0
DA:334,0
DA:335,0
DA:342,0
DA:343,0
DA:344,0
DA:349,0
DA:350,0
DA:351,0
DA:353,0
DA:354,0
DA:355,0
DA:360,0
DA:361,0
DA:365,0
DA:366,0
DA:368,0
DA:369,0
DA:371,0
DA:376,0
DA:377,0
DA:378,0
DA:379,0
DA:380,0
DA:382,0
DA:384,0
DA:388,0
DA:389,0
DA:393,0
DA:394,0
DA:395,0
DA:397,0
DA:398,0
DA:401,0
DA:403,0
DA:418,0
DA:456,0
DA:462,0
DA:474,0
DA:481,0
DA:482,0
DA:484,0
DA:485,0
DA:489,0
DA:494,0
DA:499,0
DA:513,0
DA:524,0
DA:525,0
DA:532,0
DA:533,0
LF:239
LH:0
BRDA:38,0,0,0
BRDA:38,0,1,0
BRDA:54,1,0,0
BRDA:54,1,1,0
BRDA:56,2,0,0
BRDA:56,2,1,0
BRDA:56,3,0,0
BRDA:56,3,1,0
BRDA:65,4,0,0
BRDA:65,4,1,0
BRDA:67,5,0,0
BRDA:67,5,1,0
BRDA:76,6,0,0
BRDA:76,6,1,0
BRDA:84,7,0,0
BRDA:84,7,1,0
BRDA:86,8,0,0
BRDA:86,8,1,0
BRDA:88,9,0,0
BRDA:88,9,1,0
BRDA:106,10,0,0
BRDA:106,10,1,0
BRDA:108,11,0,0
BRDA:108,11,1,0
BRDA:121,12,0,0
BRDA:121,12,1,0
BRDA:147,13,0,0
BRDA:147,13,1,0
BRDA:147,14,0,0
BRDA:147,14,1,0
BRDA:170,15,0,0
BRDA:170,15,1,0
BRDA:170,16,0,0
BRDA:170,16,1,0
BRDA:171,17,0,0
BRDA:171,17,1,0
BRDA:176,18,0,0
BRDA:176,18,1,0
BRDA:179,19,0,0
BRDA:179,19,1,0
BRDA:204,20,0,0
BRDA:204,20,1,0
BRDA:204,21,0,0
BRDA:204,21,1,0
BRDA:220,22,0,0
BRDA:220,22,1,0
BRDA:221,23,0,0
BRDA:221,23,1,0
BRDA:230,24,0,0
BRDA:230,24,1,0
BRDA:248,25,0,0
BRDA:248,25,1,0
BRDA:250,26,0,0
BRDA:250,26,1,0
BRDA:252,27,0,0
BRDA:252,27,1,0
BRDA:252,28,0,0
BRDA:252,28,1,0
BRDA:260,29,0,0
BRDA:260,29,1,0
BRDA:261,30,0,0
BRDA:261,30,1,0
BRDA:269,31,0,0
BRDA:269,31,1,0
BRDA:270,32,0,0
BRDA:270,32,1,0
BRDA:270,33,0,0
BRDA:270,33,1,0
BRDA:275,34,0,0
BRDA:275,34,1,0
BRDA:284,35,0,0
BRDA:284,35,1,0
BRDA:286,36,0,0
BRDA:286,36,1,0
BRDA:294,37,0,0
BRDA:294,37,1,0
BRDA:294,38,0,0
BRDA:294,38,1,0
BRDA:307,39,0,0
BRDA:307,39,1,0
BRDA:317,40,0,0
BRDA:317,40,1,0
BRDA:323,41,0,0
BRDA:323,41,1,0
BRDA:325,42,0,0
BRDA:325,42,1,0
BRDA:327,43,0,0
BRDA:327,43,1,0
BRDA:332,44,0,0
BRDA:332,44,1,0
BRDA:334,45,0,0
BRDA:334,45,1,0
BRDA:335,46,0,0
BRDA:335,46,1,0
BRDA:343,47,0,0
BRDA:343,47,1,0
BRDA:343,48,0,0
BRDA:343,48,1,0
BRDA:349,49,0,0
BRDA:349,49,1,0
BRDA:350,50,0,0
BRDA:350,50,1,0
BRDA:350,51,0,0
BRDA:350,51,1,0
BRDA:354,52,0,0
BRDA:354,52,1,0
BRDA:360,53,0,0
BRDA:360,53,1,0
BRDA:365,54,0,0
BRDA:365,54,1,0
BRDA:366,55,0,0
BRDA:366,55,1,0
BRDA:366,56,0,0
BRDA:366,56,1,0
BRDA:378,57,0,0
BRDA:378,57,1,0
BRDA:378,58,0,0
BRDA:378,58,1,0
BRDA:384,59,0,0
BRDA:384,59,1,0
BRDA:395,60,0,0
BRDA:395,60,1,0
BRDA:395,61,0,0
BRDA:395,61,1,0
BRDA:397,62,0,0
BRDA:397,62,1,0
BRDA:397,63,0,0
BRDA:397,63,1,0
BRDA:401,64,0,0
BRDA:401,64,1,0
BRDA:420,65,0,0
BRDA:420,65,1,0
BRDA:424,66,0,0
BRDA:424,66,1,0
BRDA:424,67,0,0
BRDA:424,67,1,0
BRDA:430,68,0,0
BRDA:430,68,1,0
BRDA:437,69,0,0
BRDA:437,69,1,0
BRDA:443,70,0,0
BRDA:443,70,1,0
BRDA:444,71,0,0
BRDA:444,71,1,0
BRDA:445,72,0,0
BRDA:445,72,1,0
BRDA:463,73,0,0
BRDA:463,73,1,0
BRDA:464,74,0,0
BRDA:464,74,1,0
BRDA:471,75,0,0
BRDA:471,75,1,0
BRDA:474,76,0,0
BRDA:474,76,1,0
BRDA:476,77,0,0
BRDA:476,77,1,0
BRDA:484,78,0,0
BRDA:484,78,1,0
BRDA:485,79,0,0
BRDA:485,79,1,0
BRDA:490,80,0,0
BRDA:490,80,1,0
BRDA:490,81,0,0
BRDA:490,81,1,0
BRDA:525,82,0,0
BRDA:525,82,1,0
BRDA:533,83,0,0
BRDA:533,83,1,0
BRDA:539,84,0,0
BRDA:539,84,1,0
BRF:170
BRH:0
end_of_record
TN:
SF:src\components\NavBar.tsx
FN:25,playExitBlip
FN:34,(anonymous_1)
FN:52,playJobsBoot
FN:84,playProfileBlip
FN:105,playSignOutBlip
FN:113,(anonymous_5)
FN:131,playCreditsBlip
FN:140,(anonymous_7)
FN:158,playStatsBlip
FN:164,(anonymous_9)
FN:183,NavBar
FN:192,(anonymous_11)
FN:194,(anonymous_12)
FN:197,(anonymous_13)
FN:199,(anonymous_14)
FN:200,(anonymous_15)
FN:206,(anonymous_16)
FN:207,onClickOutside
FN:213,(anonymous_18)
FN:216,handleSignOut
FN:238,(anonymous_20)
FN:243,(anonymous_21)
FN:262,(anonymous_22)
FN:271,(anonymous_23)
FN:284,(anonymous_24)
FN:284,(anonymous_25)
FN:304,(anonymous_26)
FN:307,(anonymous_27)
FN:319,(anonymous_28)
FN:335,(anonymous_29)
FNF:30
FNH:0
FNDA:0,playExitBlip
FNDA:0,(anonymous_1)
FNDA:0,playJobsBoot
FNDA:0,playProfileBlip
FNDA:0,playSignOutBlip
FNDA:0,(anonymous_5)
FNDA:0,playCreditsBlip
FNDA:0,(anonymous_7)
FNDA:0,playStatsBlip
FNDA:0,(anonymous_9)
FNDA:0,NavBar
FNDA:0,(anonymous_11)
FNDA:0,(anonymous_12)
FNDA:0,(anonymous_13)
FNDA:0,(anonymous_14)
FNDA:0,(anonymous_15)
FNDA:0,(anonymous_16)
FNDA:0,onClickOutside
FNDA:0,(anonymous_18)
FNDA:0,handleSignOut
FNDA:0,(anonymous_20)
FNDA:0,(anonymous_21)
FNDA:0,(anonymous_22)
FNDA:0,(anonymous_23)
FNDA:0,(anonymous_24)
FNDA:0,(anonymous_25)
FNDA:0,(anonymous_26)
FNDA:0,(anonymous_27)
FNDA:0,(anonymous_28)
FNDA:0,(anonymous_29)
DA:1,0
DA:2,0
DA:3,0
DA:4,0
DA:5,0
DA:6,0
DA:7,0
DA:8,0
DA:10,0
DA:17,0
DA:26,0
DA:27,0
DA:28,0
DA:29,0
DA:34,0
DA:35,0
DA:36,0
DA:37,0
DA:38,0
DA:39,0
DA:40,0
DA:41,0
DA:42,0
DA:43,0
DA:44,0
DA:45,0
DA:46,0
DA:53,0
DA:54,0
DA:55,0
DA:57,0
DA:58,0
DA:59,0
DA:60,0
DA:62,0
DA:63,0
DA:65,0
DA:66,0
DA:67,0
DA:68,0
DA:70,0
DA:71,0
DA:72,0
DA:73,0
DA:75,0
DA:76,0
DA:77,0
DA:78,0
DA:79,0
DA:85,0
DA:86,0
DA:87,0
DA:88,0
DA:89,0
DA:90,0
DA:91,0
DA:92,0
DA:93,0
DA:94,0
DA:95,0
DA:96,0
DA:97,0
DA:98,0
DA:99,0
DA:100,0
DA:106,0
DA:107,0
DA:108,0
DA:109,0
DA:113,0
DA:114,0
DA:115,0
DA:116,0
DA:117,0
DA:118,0
DA:119,0
DA:120,0
DA:121,0
DA:122,0
DA:123,0
DA:124,0
DA:125,0
DA:132,0
DA:133,0
DA:134,0
DA:135,0
DA:140,0
DA:141,0
DA:142,0
DA:143,0
DA:144,0
DA:145,0
DA:146,0
DA:147,0
DA:148,0
DA:149,0
DA:150,0
DA:151,0
DA:152,0
DA:159,0
DA:160,0
DA:161,0
DA:163,0
DA:164,0
DA:165,0
DA:166,0
DA:167,0
DA:168,0
DA:169,0
DA:170,0
DA:171,0
DA:172,0
DA:173,0
DA:174,0
DA:175,0
DA:176,0
DA:177,0
DA:183,0
DA:184,0
DA:185,0
DA:186,0
DA:187,0
DA:188,0
DA:189,0
DA:190,0
DA:192,0
DA:193,0
DA:194,0
DA:197,0
DA:199,0
DA:200,0
DA:201,0
DA:206,0
DA:208,0
DA:209,0
DA:212,0
DA:213,0
DA:217,0
DA:218,0
DA:219,0
DA:220,0
DA:224,0
DA:228,0
DA:239,0
DA:244,0
DA:262,0
DA:271,0
DA:284,0
DA:305,0
DA:307,0
DA:319,0
DA:335,0
LF:152
LH:0
BRDA:26,0,0,0
BRDA:26,0,1,0
BRDA:53,1,0,0
BRDA:53,1,1,0
BRDA:85,2,0,0
BRDA:85,2,1,0
BRDA:106,3,0,0
BRDA:106,3,1,0
BRDA:132,4,0,0
BRDA:132,4,1,0
BRDA:159,5,0,0
BRDA:159,5,1,0
BRDA:201,6,0,0
BRDA:201,6,1,0
BRDA:208,7,0,0
BRDA:208,7,1,0
BRDA:208,8,0,0
BRDA:208,8,1,0
BRDA:224,9,0,0
BRDA:224,9,1,0
BRDA:242,10,0,0
BRDA:242,10,1,0
BRDA:242,11,0,0
BRDA:242,11,1,0
BRDA:242,12,0,0
BRDA:242,12,1,0
BRDA:245,13,0,0
BRDA:245,13,1,0
BRDA:262,14,0,0
BRDA:262,14,1,0
BRDA:263,15,0,0
BRDA:263,15,1,0
BRDA:272,16,0,0
BRDA:272,16,1,0
BRDA:273,17,0,0
BRDA:273,17,1,0
BRDA:286,18,0,0
BRDA:286,18,1,0
BRDA:291,19,0,0
BRDA:291,19,1,0
BRDA:295,20,0,0
BRDA:295,20,1,0
BRDA:309,21,0,0
BRDA:309,21,1,0
BRDA:312,22,0,0
BRDA:312,22,1,0
BRDA:326,23,0,0
BRDA:326,23,1,0
BRF:48
BRH:0
end_of_record
TN:
SF:src\components\QuickCast.tsx
FN:47,playPageFlip
FN:80,playSpellCast
FN:85,(anonymous_2)
FN:101,playAiConsume
FN:135,playAiDing
FN:144,(anonymous_5)
FN:238,(anonymous_6)
FN:240,renderIcon
FN:256,loadLinks
FN:267,saveLinks
FN:273,IconPicker
FN:278,(anonymous_11)
FN:282,(anonymous_12)
FN:310,ResumeNamePopover
FN:315,(anonymous_14)
FN:316,(anonymous_15)
FN:346,(anonymous_16)
FN:347,(anonymous_17)
FN:354,(anonymous_18)
FN:381,QuickCast
FN:420,(anonymous_20)
FN:421,(anonymous_21)
FN:424,(anonymous_22)
FN:426,(anonymous_23)
FN:429,(anonymous_24)
FN:431,(anonymous_25)
FN:439,(anonymous_26)
FN:440,check
FN:441,(anonymous_28)
FN:445,(anonymous_29)
FN:449,(anonymous_30)
FN:452,(anonymous_31)
FN:454,(anonymous_32)
FN:454,(anonymous_33)
FN:455,(anonymous_34)
FN:459,(anonymous_35)
FN:461,onPointerDown
FN:467,(anonymous_37)
FN:471,(anonymous_38)
FN:473,(anonymous_39)
FN:478,(anonymous_40)
FN:480,onPointerDown
FN:485,(anonymous_42)
FN:489,(anonymous_43)
FN:491,onPointerDown
FN:497,(anonymous_45)
FN:502,handleCopy
FN:504,(anonymous_47)
FN:516,(anonymous_48)
FN:519,openAddForm
FN:527,openEditSlot
FN:545,commitEdit
FN:552,(anonymous_52)
FN:554,(anonymous_53)
FN:556,(anonymous_54)
FN:556,(anonymous_55)
FN:561,(anonymous_56)
FN:562,(anonymous_57)
FN:565,(anonymous_58)
FN:573,cancelEdit
FN:578,deleteSlot
FN:579,(anonymous_61)
FN:579,(anonymous_62)
FN:586,handleResumeFileInput
FN:597,(anonymous_64)
FN:612,handleOpenResume
FN:623,handleReplace
FN:634,handleSaveName
FN:638,(anonymous_68)
FN:647,handleDeleteResume
FN:652,(anonymous_70)
FN:659,triggerUpload
FN:665,handleAiQuickGenerate
FN:686,(anonymous_73)
FN:713,(anonymous_74)
FN:714,(anonymous_75)
FN:719,(anonymous_76)
FN:731,(anonymous_77)
FN:762,(anonymous_78)
FN:765,(anonymous_79)
FN:766,(anonymous_80)
FN:767,(anonymous_81)
FN:807,(anonymous_82)
FN:813,(anonymous_83)
FN:814,(anonymous_84)
FN:826,(anonymous_85)
FN:841,(anonymous_86)
FN:860,(anonymous_87)
FN:866,(anonymous_88)
FN:867,(anonymous_89)
FN:894,(anonymous_90)
FN:909,(anonymous_91)
FN:910,(anonymous_92)
FN:911,(anonymous_93)
FN:918,(anonymous_94)
FN:928,(anonymous_95)
FN:965,(anonymous_96)
FN:969,(anonymous_97)
FN:980,(anonymous_98)
FN:982,(anonymous_99)
FN:984,(anonymous_100)
FN:987,(anonymous_101)
FN:1035,(anonymous_102)
FN:1046,(anonymous_103)
FN:1049,(anonymous_104)
FN:1073,(anonymous_105)
FN:1086,(anonymous_106)
FN:1087,(anonymous_107)
FNF:108
FNH:41
FNDA:0,playPageFlip
FNDA:1,playSpellCast
FNDA:0,(anonymous_2)
FNDA:0,playAiConsume
FNDA:0,playAiDing
FNDA:0,(anonymous_5)
FNDA:19,(anonymous_6)
FNDA:537,renderIcon
FNDA:8,loadLinks
FNDA:12,saveLinks
FNDA:28,IconPicker
FNDA:532,(anonymous_11)
FNDA:0,(anonymous_12)
FNDA:0,ResumeNamePopover
FNDA:0,(anonymous_14)
FNDA:0,(anonymous_15)
FNDA:0,(anonymous_16)
FNDA:0,(anonymous_17)
FNDA:0,(anonymous_18)
FNDA:47,QuickCast
FNDA:8,(anonymous_20)
FNDA:8,(anonymous_21)
FNDA:8,(anonymous_22)
FNDA:2,(anonymous_23)
FNDA:8,(anonymous_24)
FNDA:0,(anonymous_25)
FNDA:8,(anonymous_26)
FNDA:8,check
FNDA:8,(anonymous_28)
FNDA:8,(anonymous_29)
FNDA:12,(anonymous_30)
FNDA:8,(anonymous_31)
FNDA:0,(anonymous_32)
FNDA:0,(anonymous_33)
FNDA:0,(anonymous_34)
FNDA:8,(anonymous_35)
FNDA:0,onPointerDown
FNDA:0,(anonymous_37)
FNDA:11,(anonymous_38)
FNDA:2,(anonymous_39)
FNDA:8,(anonymous_40)
FNDA:0,onPointerDown
FNDA:0,(anonymous_42)
FNDA:11,(anonymous_43)
FNDA:0,onPointerDown
FNDA:0,(anonymous_45)
FNDA:1,handleCopy
FNDA:0,(anonymous_47)
FNDA:0,(anonymous_48)
FNDA:2,openAddForm
FNDA:0,openEditSlot
FNDA:1,commitEdit
FNDA:1,(anonymous_52)
FNDA:1,(anonymous_53)
FNDA:1,(anonymous_54)
FNDA:1,(anonymous_55)
FNDA:0,(anonymous_56)
FNDA:0,(anonymous_57)
FNDA:0,(anonymous_58)
FNDA:0,cancelEdit
FNDA:0,deleteSlot
FNDA:0,(anonymous_61)
FNDA:0,(anonymous_62)
FNDA:0,handleResumeFileInput
FNDA:0,(anonymous_64)
FNDA:0,handleOpenResume
FNDA:0,handleReplace
FNDA:0,handleSaveName
FNDA:0,(anonymous_68)
FNDA:0,handleDeleteResume
FNDA:0,(anonymous_70)
FNDA:0,triggerUpload
FNDA:0,handleAiQuickGenerate
FNDA:0,(anonymous_73)
FNDA:0,(anonymous_74)
FNDA:0,(anonymous_75)
FNDA:0,(anonymous_76)
FNDA:52,(anonymous_77)
FNDA:5,(anonymous_78)
FNDA:10,(anonymous_79)
FNDA:1,(anonymous_80)
FNDA:0,(anonymous_81)
FNDA:0,(anonymous_82)
FNDA:0,(anonymous_83)
FNDA:0,(anonymous_84)
FNDA:0,(anonymous_85)
FNDA:2,(anonymous_86)
FNDA:7,(anonymous_87)
FNDA:19,(anonymous_88)
FNDA:19,(anonymous_89)
FNDA:141,(anonymous_90)
FNDA:0,(anonymous_91)
FNDA:0,(anonymous_92)
FNDA:0,(anonymous_93)
FNDA:0,(anonymous_94)
FNDA:0,(anonymous_95)
FNDA:282,(anonymous_96)
FNDA:0,(anonymous_97)
FNDA:0,(anonymous_98)
FNDA:0,(anonymous_99)
FNDA:0,(anonymous_100)
FNDA:0,(anonymous_101)
FNDA:0,(anonymous_102)
FNDA:0,(anonymous_103)
FNDA:0,(anonymous_104)
FNDA:0,(anonymous_105)
FNDA:0,(anonymous_106)
FNDA:0,(anonymous_107)
DA:1,1
DA:2,1
DA:3,1
DA:5,1
DA:6,1
DA:7,1
DA:8,1
DA:9,1
DA:10,1
DA:11,1
DA:12,1
DA:13,1
DA:14,1
DA:15,1
DA:16,1
DA:17,1
DA:18,1
DA:19,1
DA:20,1
DA:21,1
DA:22,1
DA:23,1
DA:24,1
DA:25,1
DA:26,1
DA:27,1
DA:28,1
DA:34,1
DA:48,0
DA:49,0
DA:50,0
DA:51,0
DA:52,0
DA:53,0
DA:54,0
DA:55,0
DA:56,0
DA:57,0
DA:59,0
DA:60,0
DA:61,0
DA:62,0
DA:63,0
DA:64,0
DA:65,0
DA:66,0
DA:67,0
DA:68,0
DA:69,0
DA:70,0
DA:71,0
DA:72,0
DA:73,0
DA:74,0
DA:75,0
DA:81,1
DA:82,0
DA:83,0
DA:84,0
DA:85,0
DA:86,0
DA:87,0
DA:88,0
DA:89,0
DA:90,0
DA:91,0
DA:92,0
DA:93,0
DA:94,0
DA:95,0
DA:96,0
DA:102,0
DA:103,0
DA:104,0
DA:105,0
DA:106,0
DA:107,0
DA:108,0
DA:109,0
DA:111,0
DA:112,0
DA:113,0
DA:116,0
DA:117,0
DA:118,0
DA:119,0
DA:120,0
DA:122,0
DA:123,0
DA:124,0
DA:125,0
DA:127,0
DA:128,0
DA:129,0
DA:130,0
DA:131,0
DA:136,0
DA:137,0
DA:138,0
DA:140,0
DA:144,0
DA:145,0
DA:146,0
DA:147,0
DA:148,0
DA:149,0
DA:150,0
DA:151,0
DA:152,0
DA:153,0
DA:154,0
DA:161,1
DA:162,1
DA:163,1
DA:164,1
DA:176,1
DA:181,1
DA:182,1
DA:188,1
DA:194,1
DA:216,1
DA:238,19
DA:241,537
DA:242,537
DA:243,537
DA:244,89
DA:257,8
DA:258,8
DA:259,8
DA:260,0
DA:261,0
DA:264,8
DA:268,12
DA:274,28
DA:279,532
DA:282,0
DA:311,0
DA:312,0
DA:313,0
DA:315,0
DA:316,0
DA:319,0
DA:346,0
DA:348,0
DA:349,0
DA:354,0
DA:381,1
DA:383,47
DA:384,47
DA:385,47
DA:386,47
DA:387,47
DA:388,47
DA:389,47
DA:390,47
DA:393,47
DA:394,47
DA:395,47
DA:396,47
DA:397,47
DA:398,47
DA:399,47
DA:400,47
DA:401,47
DA:404,47
DA:405,47
DA:406,47
DA:407,47
DA:408,47
DA:409,47
DA:410,47
DA:412,47
DA:413,47
DA:414,47
DA:415,47
DA:416,47
DA:417,47
DA:420,47
DA:421,8
DA:422,8
DA:423,8
DA:424,8
DA:425,8
DA:426,2
DA:429,8
DA:430,8
DA:431,8
DA:432,8
DA:434,8
DA:439,47
DA:441,8
DA:443,8
DA:444,8
DA:445,8
DA:449,47
DA:452,47
DA:453,8
DA:454,0
DA:455,0
DA:459,47
DA:460,8
DA:462,0
DA:463,0
DA:466,0
DA:467,0
DA:471,47
DA:472,11
DA:473,2
DA:478,47
DA:479,8
DA:481,0
DA:482,0
DA:484,0
DA:485,0
DA:489,47
DA:490,11
DA:492,0
DA:493,0
DA:496,0
DA:497,0
DA:503,1
DA:504,1
DA:505,0
DA:506,0
DA:507,0
DA:508,0
DA:509,0
DA:510,0
DA:511,0
DA:512,0
DA:515,1
DA:516,1
DA:520,2
DA:521,2
DA:522,2
DA:523,2
DA:524,2
DA:528,0
DA:529,0
DA:530,0
DA:531,0
DA:532,0
DA:534,0
DA:535,0
DA:536,0
DA:537,0
DA:538,0
DA:539,0
DA:540,0
DA:541,0
DA:546,1
DA:547,1
DA:548,1
DA:549,1
DA:550,1
DA:551,1
DA:552,1
DA:553,1
DA:554,1
DA:555,1
DA:556,1
DA:560,0
DA:561,0
DA:562,0
DA:564,0
DA:565,0
DA:566,0
DA:569,1
DA:570,1
DA:574,0
DA:575,0
DA:579,0
DA:580,0
DA:581,0
DA:587,0
DA:588,0
DA:589,0
DA:590,0
DA:591,0
DA:592,0
DA:593,0
DA:594,0
DA:595,0
DA:596,0
DA:597,0
DA:608,0
DA:609,0
DA:613,0
DA:614,0
DA:615,0
DA:616,0
DA:617,0
DA:618,0
DA:619,0
DA:620,0
DA:624,0
DA:625,0
DA:626,0
DA:627,0
DA:628,0
DA:629,0
DA:631,0
DA:635,0
DA:636,0
DA:637,0
DA:638,0
DA:648,0
DA:649,0
DA:650,0
DA:651,0
DA:652,0
DA:653,0
DA:654,0
DA:655,0
DA:660,0
DA:666,0
DA:667,0
DA:670,0
DA:671,0
DA:675,0
DA:682,0
DA:683,0
DA:686,0
DA:687,0
DA:688,0
DA:689,0
DA:690,0
DA:691,0
DA:692,0
DA:695,0
DA:696,0
DA:697,0
DA:699,0
DA:700,0
DA:701,0
DA:702,0
DA:704,0
DA:705,0
DA:706,0
DA:708,0
DA:713,0
DA:715,0
DA:716,0
DA:717,0
DA:720,0
DA:728,47
DA:731,52
DA:741,47
DA:745,47
DA:763,5
DA:765,10
DA:766,1
DA:767,0
DA:807,0
DA:813,0
DA:814,0
DA:826,0
DA:841,2
DA:860,7
DA:866,19
DA:867,19
DA:895,141
DA:896,141
DA:897,141
DA:898,141
DA:899,141
DA:900,141
DA:902,141
DA:909,0
DA:910,0
DA:911,0
DA:919,0
DA:920,0
DA:921,0
DA:922,0
DA:924,0
DA:925,0
DA:929,0
DA:930,0
DA:965,282
DA:969,0
DA:981,0
DA:982,0
DA:985,0
DA:986,0
DA:987,0
DA:1035,0
DA:1047,0
DA:1049,0
DA:1073,0
DA:1086,0
DA:1087,0
LF:392
LH:152
BRDA:48,0,0,0
BRDA:48,0,1,0
BRDA:81,1,0,1
BRDA:81,1,1,0
BRDA:102,2,0,0
BRDA:102,2,1,0
BRDA:136,3,0,0
BRDA:136,3,1,0
BRDA:161,4,0,1
BRDA:161,4,1,0
BRDA:161,5,0,1
BRDA:161,5,1,1
BRDA:242,6,0,0
BRDA:242,6,1,537
BRDA:243,7,0,448
BRDA:243,7,1,89
BRDA:259,8,0,0
BRDA:259,8,1,8
BRDA:261,9,0,0
BRDA:261,9,1,0
BRDA:287,10,0,28
BRDA:287,10,1,504
BRDA:348,11,0,0
BRDA:348,11,1,0
BRDA:348,12,0,0
BRDA:348,12,1,0
BRDA:349,13,0,0
BRDA:349,13,1,0
BRDA:354,14,0,0
BRDA:354,14,1,0
BRDA:422,15,0,0
BRDA:422,15,1,8
BRDA:425,16,0,2
BRDA:425,16,1,6
BRDA:453,17,0,8
BRDA:453,17,1,0
BRDA:460,18,0,8
BRDA:460,18,1,0
BRDA:462,19,0,0
BRDA:462,19,1,0
BRDA:462,20,0,0
BRDA:462,20,1,0
BRDA:472,21,0,2
BRDA:472,21,1,9
BRDA:472,22,0,11
BRDA:472,22,1,2
BRDA:479,23,0,8
BRDA:479,23,1,0
BRDA:482,24,0,0
BRDA:482,24,1,0
BRDA:490,25,0,11
BRDA:490,25,1,0
BRDA:490,26,0,11
BRDA:490,26,1,2
BRDA:490,26,2,2
BRDA:492,27,0,0
BRDA:492,27,1,0
BRDA:492,28,0,0
BRDA:492,28,1,0
BRDA:535,29,0,0
BRDA:535,29,1,0
BRDA:546,30,0,0
BRDA:546,30,1,1
BRDA:550,31,0,1
BRDA:550,31,1,0
BRDA:553,32,0,1
BRDA:553,32,1,0
BRDA:555,33,0,1
BRDA:555,33,1,0
BRDA:556,34,0,1
BRDA:556,34,1,0
BRDA:560,35,0,0
BRDA:560,35,1,0
BRDA:562,36,0,0
BRDA:562,36,1,0
BRDA:564,37,0,0
BRDA:564,37,1,0
BRDA:580,38,0,0
BRDA:580,38,1,0
BRDA:581,39,0,0
BRDA:581,39,1,0
BRDA:590,40,0,0
BRDA:590,40,1,0
BRDA:590,41,0,0
BRDA:590,41,1,0
BRDA:591,42,0,0
BRDA:591,42,1,0
BRDA:594,43,0,0
BRDA:594,43,1,0
BRDA:595,44,0,0
BRDA:595,44,1,0
BRDA:600,45,0,0
BRDA:600,45,1,0
BRDA:608,46,0,0
BRDA:608,46,1,0
BRDA:613,47,0,0
BRDA:613,47,1,0
BRDA:613,48,0,0
BRDA:613,48,1,0
BRDA:617,49,0,0
BRDA:617,49,1,0
BRDA:624,50,0,0
BRDA:624,50,1,0
BRDA:627,51,0,0
BRDA:627,51,1,0
BRDA:628,52,0,0
BRDA:628,52,1,0
BRDA:636,53,0,0
BRDA:636,53,1,0
BRDA:649,54,0,0
BRDA:649,54,1,0
BRDA:666,55,0,0
BRDA:666,55,1,0
BRDA:666,56,0,0
BRDA:666,56,1,0
BRDA:675,57,0,0
BRDA:675,57,1,0
BRDA:676,58,0,0
BRDA:676,58,1,0
BRDA:677,59,0,0
BRDA:677,59,1,0
BRDA:678,60,0,0
BRDA:678,60,1,0
BRDA:679,61,0,0
BRDA:679,61,1,0
BRDA:683,62,0,0
BRDA:683,62,1,0
BRDA:690,63,0,0
BRDA:690,63,1,0
BRDA:692,64,0,0
BRDA:692,64,1,0
BRDA:696,65,0,0
BRDA:696,65,1,0
BRDA:697,66,0,0
BRDA:697,66,1,0
BRDA:731,67,0,5
BRDA:734,68,0,29
BRDA:734,68,1,23
BRDA:769,69,0,5
BRDA:769,69,1,0
BRDA:780,70,0,1
BRDA:780,70,1,4
BRDA:780,71,0,4
BRDA:780,71,1,0
BRDA:785,72,0,47
BRDA:785,72,1,28
BRDA:785,72,2,28
BRDA:785,72,3,0
BRDA:785,72,4,0
BRDA:814,73,0,0
BRDA:814,73,1,0
BRDA:838,74,0,47
BRDA:838,74,1,47
BRDA:841,75,0,0
BRDA:841,75,1,2
BRDA:845,76,0,28
BRDA:845,76,1,19
BRDA:849,77,0,47
BRDA:849,77,1,28
BRDA:849,77,2,28
BRDA:867,78,0,19
BRDA:867,78,1,0
BRDA:905,79,0,141
BRDA:905,79,1,0
BRDA:905,79,2,0
BRDA:919,80,0,0
BRDA:919,80,1,0
BRDA:919,81,0,0
BRDA:919,81,1,0
BRDA:920,82,0,0
BRDA:920,82,1,0
BRDA:930,83,0,0
BRDA:930,83,1,0
BRDA:930,84,0,0
BRDA:930,84,1,0
BRDA:932,85,0,141
BRDA:932,85,1,141
BRDA:936,86,0,0
BRDA:936,86,1,141
BRDA:936,87,0,141
BRDA:936,87,1,141
BRDA:939,88,0,0
BRDA:939,88,1,141
BRDA:940,89,0,0
BRDA:940,89,1,141
BRDA:942,90,0,0
BRDA:942,90,1,141
BRDA:948,91,0,0
BRDA:948,91,1,141
BRDA:948,92,0,141
BRDA:948,92,1,141
BRDA:948,93,0,0
BRDA:948,93,1,141
BRDA:959,94,0,0
BRDA:959,94,1,141
BRDA:959,95,0,0
BRDA:959,95,1,141
BRDA:959,96,0,0
BRDA:959,96,1,141
BRDA:981,97,0,0
BRDA:981,97,1,0
BRDA:986,98,0,0
BRDA:986,98,1,0
BRDA:986,99,0,0
BRDA:986,99,1,0
BRDA:992,100,0,0
BRDA:992,100,1,47
BRDA:994,101,0,0
BRDA:994,101,1,47
BRDA:994,102,0,47
BRDA:994,102,1,0
BRDA:998,103,0,0
BRDA:998,103,1,47
BRDA:998,104,0,0
BRDA:998,104,1,47
BRDA:1006,105,0,0
BRDA:1006,105,1,47
BRDA:1008,106,0,0
BRDA:1008,106,1,47
BRDA:1010,107,0,0
BRDA:1010,107,1,47
BRDA:1012,108,0,39
BRDA:1012,108,1,8
BRDA:1017,109,0,0
BRDA:1017,109,1,47
BRDA:1019,110,0,0
BRDA:1019,110,1,47
BRDA:1021,111,0,0
BRDA:1021,111,1,47
BRDA:1023,112,0,39
BRDA:1023,112,1,8
BRDA:1030,113,0,47
BRDA:1030,113,1,0
BRDA:1066,114,0,47
BRDA:1066,114,1,0
BRDA:1066,114,2,0
BRDA:1072,115,0,0
BRDA:1072,115,1,0
BRDA:1080,116,0,47
BRDA:1080,116,1,0
BRDA:1080,116,2,0
BRDA:1080,116,3,0
BRDA:1080,116,4,0
BRF:243
BRH:82
end_of_record
TN:
SF:src\components\ResumeModal.tsx
FN:5,playBookThud
FN:50,ResumeModal
FN:56,(anonymous_2)
FN:62,(anonymous_3)
FN:63,(anonymous_4)
FN:64,(anonymous_5)
FN:65,(anonymous_6)
FN:66,(anonymous_7)
FN:69,(anonymous_8)
FN:70,onKey
FN:74,(anonymous_10)
FN:77,handleFileChange
FN:112,(anonymous_12)
FN:121,(anonymous_13)
FNF:14
FNH:0
FNDA:0,playBookThud
FNDA:0,ResumeModal
FNDA:0,(anonymous_2)
FNDA:0,(anonymous_3)
FNDA:0,(anonymous_4)
FNDA:0,(anonymous_5)
FNDA:0,(anonymous_6)
FNDA:0,(anonymous_7)
FNDA:0,(anonymous_8)
FNDA:0,onKey
FNDA:0,(anonymous_10)
FNDA:0,handleFileChange
FNDA:0,(anonymous_12)
FNDA:0,(anonymous_13)
DA:1,0
DA:2,0
DA:3,0
DA:6,0
DA:7,0
DA:8,0
DA:10,0
DA:11,0
DA:12,0
DA:13,0
DA:14,0
DA:15,0
DA:16,0
DA:17,0
DA:18,0
DA:19,0
DA:20,0
DA:22,0
DA:23,0
DA:24,0
DA:25,0
DA:26,0
DA:27,0
DA:28,0
DA:29,0
DA:30,0
DA:31,0
DA:32,0
DA:33,0
DA:34,0
DA:35,0
DA:36,0
DA:37,0
DA:50,0
DA:51,0
DA:52,0
DA:53,0
DA:54,0
DA:56,0
DA:57,0
DA:58,0
DA:59,0
DA:60,0
DA:61,0
DA:62,0
DA:63,0
DA:64,0
DA:65,0
DA:66,0
DA:69,0
DA:71,0
DA:73,0
DA:74,0
DA:78,0
DA:79,0
DA:80,0
DA:83,0
DA:112,0
DA:121,0
LF:59
LH:0
BRDA:6,0,0,0
BRDA:6,0,1,0
BRDA:57,1,0,0
BRDA:57,1,1,0
BRDA:64,2,0,0
BRDA:64,2,1,0
BRDA:65,3,0,0
BRDA:65,3,1,0
BRDA:71,4,0,0
BRDA:71,4,1,0
BRDA:80,5,0,0
BRDA:80,5,1,0
BRDA:89,6,0,0
BRDA:89,6,1,0
BRDA:93,7,0,0
BRDA:93,7,1,0
BRDA:117,8,0,0
BRDA:117,8,1,0
BRDA:131,9,0,0
BRDA:131,9,1,0
BRDA:140,10,0,0
BRDA:140,10,1,0
BRDA:142,11,0,0
BRDA:142,11,1,0
BRF:24
BRH:0
end_of_record
TN:
SF:src\components\TutorialOverlay.tsx
FN:74,playNext
FN:78,(anonymous_1)
FN:93,playBack
FN:97,(anonymous_3)
FN:112,playExit
FN:120,(anonymous_5)
FN:144,computeArrow
FN:195,TutorialOverlay
FN:201,(anonymous_8)
FN:202,(anonymous_9)
FN:206,(anonymous_10)
FN:210,(anonymous_11)
FN:211,onResize
FN:216,(anonymous_13)
FN:220,(anonymous_14)
FN:221,onKey
FN:230,(anonymous_16)
FN:234,markSeen
FN:237,handleNext
FN:238,(anonymous_19)
FN:241,handleBack
FN:242,(anonymous_21)
FN:244,handleSkip
FN:245,handleDone
FN:315,(anonymous_24)
FN:364,(anonymous_25)
FN:406,(anonymous_26)
FNF:27
FNH:0
FNDA:0,playNext
FNDA:0,(anonymous_1)
FNDA:0,playBack
FNDA:0,(anonymous_3)
FNDA:0,playExit
FNDA:0,(anonymous_5)
FNDA:0,computeArrow
FNDA:0,TutorialOverlay
FNDA:0,(anonymous_8)
FNDA:0,(anonymous_9)
FNDA:0,(anonymous_10)
FNDA:0,(anonymous_11)
FNDA:0,onResize
FNDA:0,(anonymous_13)
FNDA:0,(anonymous_14)
FNDA:0,onKey
FNDA:0,(anonymous_16)
FNDA:0,markSeen
FNDA:0,handleNext
FNDA:0,(anonymous_19)
FNDA:0,handleBack
FNDA:0,(anonymous_21)
FNDA:0,handleSkip
FNDA:0,handleDone
FNDA:0,(anonymous_24)
FNDA:0,(anonymous_25)
FNDA:0,(anonymous_26)
DA:1,0
DA:2,0
DA:6,0
DA:15,0
DA:75,0
DA:76,0
DA:77,0
DA:78,0
DA:79,0
DA:80,0
DA:81,0
DA:82,0
DA:83,0
DA:84,0
DA:85,0
DA:86,0
DA:87,0
DA:88,0
DA:94,0
DA:95,0
DA:96,0
DA:97,0
DA:98,0
DA:99,0
DA:100,0
DA:101,0
DA:102,0
DA:103,0
DA:104,0
DA:105,0
DA:106,0
DA:107,0
DA:113,0
DA:114,0
DA:115,0
DA:116,0
DA:121,0
DA:122,0
DA:123,0
DA:124,0
DA:125,0
DA:126,0
DA:127,0
DA:128,0
DA:129,0
DA:130,0
DA:138,0
DA:139,0
DA:148,0
DA:149,0
DA:150,0
DA:152,0
DA:153,0
DA:156,0
DA:157,0
DA:161,0
DA:162,0
DA:163,0
DA:165,0
DA:166,0
DA:167,0
DA:170,0
DA:171,0
DA:172,0
DA:176,0
DA:177,0
DA:178,0
DA:181,0
DA:182,0
DA:184,0
DA:189,0
DA:195,0
DA:196,0
DA:197,0
DA:198,0
DA:201,0
DA:202,0
DA:203,0
DA:204,0
DA:206,0
DA:210,0
DA:212,0
DA:213,0
DA:215,0
DA:216,0
DA:220,0
DA:222,0
DA:223,0
DA:226,0
DA:227,0
DA:229,0
DA:230,0
DA:235,0
DA:238,0
DA:239,0
DA:242,0
DA:244,0
DA:245,0
DA:247,0
DA:248,0
DA:251,0
DA:252,0
DA:253,0
DA:254,0
DA:256,0
DA:258,0
DA:260,0
DA:316,0
DA:317,0
DA:318,0
DA:319,0
DA:320,0
DA:321,0
DA:322,0
DA:323,0
DA:324,0
DA:325,0
DA:326,0
DA:365,0
DA:407,0
DA:476,0
LF:121
LH:0
BRDA:75,0,0,0
BRDA:75,0,1,0
BRDA:94,1,0,0
BRDA:94,1,1,0
BRDA:113,2,0,0
BRDA:113,2,1,0
BRDA:161,3,0,0
BRDA:161,3,1,0
BRDA:161,4,0,0
BRDA:161,4,1,0
BRDA:163,5,0,0
BRDA:163,5,1,0
BRDA:165,6,0,0
BRDA:165,6,1,0
BRDA:170,7,0,0
BRDA:170,7,1,0
BRDA:177,8,0,0
BRDA:177,8,1,0
BRDA:204,9,0,0
BRDA:204,9,1,0
BRDA:213,10,0,0
BRDA:213,10,1,0
BRDA:222,11,0,0
BRDA:222,11,1,0
BRDA:223,12,0,0
BRDA:223,12,1,0
BRDA:224,13,0,0
BRDA:224,13,1,0
BRDA:224,13,2,0
BRDA:224,13,3,0
BRDA:227,14,0,0
BRDA:227,14,1,0
BRDA:227,15,0,0
BRDA:227,15,1,0
BRDA:238,16,0,0
BRDA:238,16,1,0
BRDA:242,17,0,0
BRDA:242,17,1,0
BRDA:256,18,0,0
BRDA:256,18,1,0
BRDA:272,19,0,0
BRDA:272,19,1,0
BRDA:290,20,0,0
BRDA:290,20,1,0
BRDA:304,21,0,0
BRDA:304,21,1,0
BRDA:319,22,0,0
BRDA:319,22,1,0
BRDA:370,23,0,0
BRDA:370,23,1,0
BRDA:412,24,0,0
BRDA:412,24,1,0
BRDA:413,25,0,0
BRDA:413,25,1,0
BRDA:445,26,0,0
BRDA:445,26,1,0
BRDA:467,27,0,0
BRDA:467,27,1,0
BRF:58
BRH:0
end_of_record
TN:
SF:src\components\WorkdayBar.tsx
FN:12,savePunchIn
FN:16,loadPunchIn
FN:23,clearPunchIn
FN:29,formatClock
FN:37,formatElapsed
FN:47,playPunchIn
FN:53,makeTick
FN:84,playPunchOut
FN:146,WorkdayBar
FN:147,(anonymous_9)
FN:148,(anonymous_10)
FN:152,(anonymous_11)
FN:153,(anonymous_12)
FN:154,(anonymous_13)
FN:158,(anonymous_14)
FN:160,(anonymous_15)
FN:167,(anonymous_16)
FN:169,(anonymous_17)
FN:179,(anonymous_18)
FN:180,(anonymous_19)
FN:182,(anonymous_20)
FN:186,(anonymous_21)
FN:188,(anonymous_22)
FN:194,(anonymous_23)
FN:197,doPunchOut
FN:252,ActivityStatus
FN:256,(anonymous_26)
FN:257,(anonymous_27)
FN:260,(anonymous_28)
FN:265,(anonymous_29)
FN:267,(anonymous_30)
FN:267,(anonymous_31)
FN:268,(anonymous_32)
FN:283,AutoIdleWarning
FN:292,(anonymous_34)
FN:293,(anonymous_35)
FN:296,(anonymous_36)
FNF:37
FNH:0
FNDA:0,savePunchIn
FNDA:0,loadPunchIn
FNDA:0,clearPunchIn
FNDA:0,formatClock
FNDA:0,formatElapsed
FNDA:0,playPunchIn
FNDA:0,makeTick
FNDA:0,playPunchOut
FNDA:0,WorkdayBar
FNDA:0,(anonymous_9)
FNDA:0,(anonymous_10)
FNDA:0,(anonymous_11)
FNDA:0,(anonymous_12)
FNDA:0,(anonymous_13)
FNDA:0,(anonymous_14)
FNDA:0,(anonymous_15)
FNDA:0,(anonymous_16)
FNDA:0,(anonymous_17)
FNDA:0,(anonymous_18)
FNDA:0,(anonymous_19)
FNDA:0,(anonymous_20)
FNDA:0,(anonymous_21)
FNDA:0,(anonymous_22)
FNDA:0,(anonymous_23)
FNDA:0,doPunchOut
FNDA:0,ActivityStatus
FNDA:0,(anonymous_26)
FNDA:0,(anonymous_27)
FNDA:0,(anonymous_28)
FNDA:0,(anonymous_29)
FNDA:0,(anonymous_30)
FNDA:0,(anonymous_31)
FNDA:0,(anonymous_32)
FNDA:0,AutoIdleWarning
FNDA:0,(anonymous_34)
FNDA:0,(anonymous_35)
FNDA:0,(anonymous_36)
DA:1,0
DA:2,0
DA:3,0
DA:4,0
DA:5,0
DA:9,0
DA:10,0
DA:13,0
DA:17,0
DA:18,0
DA:19,0
DA:20,0
DA:24,0
DA:30,0
DA:38,0
DA:39,0
DA:40,0
DA:41,0
DA:42,0
DA:48,0
DA:49,0
DA:50,0
DA:51,0
DA:54,0
DA:55,0
DA:56,0
DA:57,0
DA:58,0
DA:59,0
DA:61,0
DA:62,0
DA:63,0
DA:64,0
DA:66,0
DA:67,0
DA:68,0
DA:70,0
DA:71,0
DA:72,0
DA:73,0
DA:74,0
DA:77,0
DA:78,0
DA:85,0
DA:86,0
DA:87,0
DA:88,0
DA:89,0
DA:91,0
DA:92,0
DA:93,0
DA:94,0
DA:95,0
DA:96,0
DA:97,0
DA:98,0
DA:99,0
DA:100,0
DA:101,0
DA:103,0
DA:104,0
DA:105,0
DA:106,0
DA:107,0
DA:108,0
DA:109,0
DA:110,0
DA:111,0
DA:112,0
DA:113,0
DA:114,0
DA:115,0
DA:116,0
DA:117,0
DA:118,0
DA:119,0
DA:121,0
DA:122,0
DA:123,0
DA:124,0
DA:125,0
DA:126,0
DA:127,0
DA:128,0
DA:129,0
DA:130,0
DA:131,0
DA:132,0
DA:133,0
DA:134,0
DA:135,0
DA:136,0
DA:137,0
DA:138,0
DA:139,0
DA:140,0
DA:146,0
DA:147,0
DA:148,0
DA:149,0
DA:152,0
DA:153,0
DA:154,0
DA:158,0
DA:159,0
DA:160,0
DA:161,0
DA:162,0
DA:163,0
DA:164,0
DA:165,0
DA:166,0
DA:167,0
DA:168,0
DA:169,0
DA:170,0
DA:171,0
DA:175,0
DA:179,0
DA:180,0
DA:181,0
DA:182,0
DA:186,0
DA:187,0
DA:188,0
DA:189,0
DA:190,0
DA:191,0
DA:194,0
DA:198,0
DA:199,0
DA:200,0
DA:201,0
DA:202,0
DA:203,0
DA:204,0
DA:208,0
DA:209,0
DA:211,0
DA:250,0
DA:253,0
DA:254,0
DA:256,0
DA:257,0
DA:258,0
DA:260,0
DA:263,0
DA:265,0
DA:266,0
DA:267,0
DA:268,0
DA:271,0
DA:290,0
DA:292,0
DA:293,0
DA:294,0
DA:296,0
DA:299,0
DA:301,0
DA:303,0
DA:304,0
DA:306,0
LF:162
LH:0
BRDA:18,0,0,0
BRDA:18,0,1,0
BRDA:20,1,0,0
BRDA:20,1,1,0
BRDA:48,2,0,0
BRDA:48,2,1,0
BRDA:63,3,0,0
BRDA:63,3,1,0
BRDA:85,4,0,0
BRDA:85,4,1,0
BRDA:146,5,0,0
BRDA:161,6,0,0
BRDA:161,6,1,0
BRDA:165,7,0,0
BRDA:165,7,1,0
BRDA:168,8,0,0
BRDA:168,8,1,0
BRDA:170,9,0,0
BRDA:170,9,1,0
BRDA:187,10,0,0
BRDA:187,10,1,0
BRDA:190,11,0,0
BRDA:190,11,1,0
BRDA:203,12,0,0
BRDA:203,12,1,0
BRDA:204,13,0,0
BRDA:204,13,1,0
BRDA:209,14,0,0
BRDA:209,14,1,0
BRDA:212,15,0,0
BRDA:212,15,1,0
BRDA:227,16,0,0
BRDA:227,16,1,0
BRDA:228,17,0,0
BRDA:228,17,1,0
BRDA:233,18,0,0
BRDA:233,18,1,0
BRDA:266,19,0,0
BRDA:266,19,1,0
BRDA:274,20,0,0
BRDA:274,20,1,0
BRDA:275,21,0,0
BRDA:275,21,1,0
BRDA:301,22,0,0
BRDA:301,22,1,0
BRDA:301,23,0,0
BRDA:301,23,1,0
BRF:47
BRH:0
end_of_record
TN:
SF:src\components\XpTracker.tsx
FN:5,getRankInfo
FN:18,playLevelUp
FN:23,(anonymous_2)
FN:43,XpTracker
FN:49,(anonymous_4)
FNF:5
FNH:3
FNDA:19,getRankInfo
FNDA:0,playLevelUp
FNDA:0,(anonymous_2)
FNDA:7,XpTracker
FNDA:7,(anonymous_4)
DA:1,1
DA:2,1
DA:3,1
DA:5,1
DA:6,19
DA:7,19
DA:8,117
DA:9,13
DA:11,19
DA:12,19
DA:13,19
DA:14,19
DA:15,19
DA:19,0
DA:20,0
DA:21,0
DA:22,0
DA:23,0
DA:24,0
DA:25,0
DA:26,0
DA:27,0
DA:28,0
DA:29,0
DA:30,0
DA:31,0
DA:32,0
DA:33,0
DA:34,0
DA:35,0
DA:36,0
DA:41,1
DA:43,1
DA:44,7
DA:45,7
DA:46,7
DA:47,7
DA:49,7
DA:50,7
DA:51,7
DA:52,7
DA:53,7
DA:55,0
DA:56,0
DA:59,7
DA:61,7
LF:46
LH:26
BRDA:8,0,0,104
BRDA:8,0,1,13
BRDA:13,1,0,6
BRDA:13,1,1,13
BRDA:14,2,0,6
BRDA:14,2,1,13
BRDA:15,3,0,19
BRDA:15,3,1,0
BRDA:19,4,0,0
BRDA:19,4,1,0
BRDA:50,5,0,7
BRDA:50,5,1,0
BRDA:55,6,0,0
BRDA:55,6,1,0
BRDA:72,7,0,2
BRDA:72,7,1,5
BRF:16
BRH:10
end_of_record
TN:
SF:src\config\game.ts
FN:52,derivedBreakMinutes
FNF:1
FNH:1
FNDA:12,derivedBreakMinutes
DA:3,2
DA:15,2
DA:30,2
DA:46,2
DA:52,2
DA:53,12
DA:54,9
DA:55,6
DA:56,3
DA:60,2
DA:65,2
LF:11
LH:11
BRDA:53,0,0,3
BRDA:53,0,1,9
BRDA:54,1,0,3
BRDA:54,1,1,6
BRDA:55,2,0,3
BRDA:55,2,1,3
BRF:6
BRH:6
end_of_record
TN:
SF:src\lib\sfx.ts
FN:3,isSfxMuted
FN:7,setSfxMuted
FN:12,toggleSfxMuted
FN:19,onSfxMutedChange
FN:20,(anonymous_4)
FN:22,(anonymous_5)
FNF:6
FNH:6
FNDA:7,isSfxMuted
FNDA:12,setSfxMuted
FNDA:3,toggleSfxMuted
FNDA:3,onSfxMutedChange
FNDA:4,(anonymous_4)
FNDA:3,(anonymous_5)
DA:1,1
DA:3,1
DA:4,7
DA:7,1
DA:8,12
DA:9,12
DA:12,1
DA:13,3
DA:14,3
DA:15,3
DA:19,1
DA:20,4
DA:21,3
DA:22,3
LF:14
LH:14
BRDA:8,0,0,7
BRDA:8,0,1,5
BRF:2
BRH:2
end_of_record
TN:
SF:src\lib\supabase.ts
FNF:0
FNH:0
DA:1,0
DA:3,0
DA:4,0
DA:6,0
DA:7,0
DA:10,0
LF:6
LH:0
BRDA:6,0,0,0
BRDA:6,0,1,0
BRDA:6,1,0,0
BRDA:6,1,1,0
BRF:4
BRH:0
end_of_record
TN:
SF:src\lib\tutorialBus.ts
FN:3,registerTutorialTrigger
FN:4,unregisterTutorialTrigger
FN:5,fireTutorial
FN:6,hasTutorialTrigger
FN:10,registerTutorialActiveListener
FN:11,unregisterTutorialActiveListener
FN:12,broadcastTutorialActive
FNF:7
FNH:0
FNDA:0,registerTutorialTrigger
FNDA:0,unregisterTutorialTrigger
FNDA:0,fireTutorial
FNDA:0,hasTutorialTrigger
FNDA:0,registerTutorialActiveListener
FNDA:0,unregisterTutorialActiveListener
FNDA:0,broadcastTutorialActive
DA:2,0
DA:3,0
DA:4,0
DA:5,0
DA:6,0
DA:9,0
DA:10,0
DA:11,0
DA:12,0
LF:9
LH:0
BRF:0
BRH:0
end_of_record
TN:
SF:src\services\aiSettingsService.ts
FN:22,fetchAiSettings
FN:32,upsertAiSettings
FNF:2
FNH:0
FNDA:0,fetchAiSettings
FNDA:0,upsertAiSettings
DA:1,0
DA:4,0
DA:13,0
DA:22,0
DA:23,0
DA:28,0
DA:29,0
DA:32,0
DA:35,0
DA:38,0
DA:39,0
DA:40,0
DA:42,0
LF:13
LH:0
BRDA:28,0,0,0
BRDA:28,0,1,0
BRDA:28,1,0,0
BRDA:28,1,1,0
BRDA:38,2,0,0
BRDA:38,2,1,0
BRF:6
BRH:0
end_of_record
TN:
SF:src\services\globalStatsService.ts
FN:22,readStatsCache
FN:34,writeStatsCache
FN:42,fetchFromDb
FN:55,getGlobalStats
FN:82,startStatsPoll
FN:86,(anonymous_5)
FN:88,(anonymous_6)
FN:100,stopStatsPoll
FNF:8
FNH:0
FNDA:0,readStatsCache
FNDA:0,writeStatsCache
FNDA:0,fetchFromDb
FNDA:0,getGlobalStats
FNDA:0,startStatsPoll
FNDA:0,(anonymous_5)
FNDA:0,(anonymous_6)
FNDA:0,stopStatsPoll
DA:1,0
DA:14,0
DA:15,0
DA:23,0
DA:24,0
DA:25,0
DA:26,0
DA:27,0
DA:28,0
DA:30,0
DA:35,0
DA:36,0
DA:37,0
DA:43,0
DA:44,0
DA:45,0
DA:46,0
DA:48,0
DA:55,0
DA:56,0
DA:57,0
DA:59,0
DA:60,0
DA:61,0
DA:62,0
DA:66,0
DA:67,0
DA:68,0
DA:71,0
DA:75,0
DA:82,0
DA:83,0
DA:86,0
DA:88,0
DA:90,0
DA:91,0
DA:92,0
DA:93,0
DA:97,0
DA:100,0
DA:101,0
DA:102,0
DA:103,0
LF:43
LH:0
BRDA:25,0,0,0
BRDA:25,0,1,0
BRDA:27,1,0,0
BRDA:27,1,1,0
BRDA:44,2,0,0
BRDA:44,2,1,0
BRDA:57,3,0,0
BRDA:57,3,1,0
BRDA:60,4,0,0
BRDA:60,4,1,0
BRDA:68,5,0,0
BRDA:68,5,1,0
BRDA:83,6,0,0
BRDA:83,6,1,0
BRDA:86,7,0,0
BRDA:86,7,1,0
BRDA:91,8,0,0
BRDA:91,8,1,0
BRDA:101,9,0,0
BRDA:101,9,1,0
BRF:20
BRH:0
end_of_record
TN:
SF:src\services\jobService.ts
FN:7,countJobs
FN:31,cacheKey
FN:36,dbJobToJob
FN:52,jobToDbInsert
FN:69,jobToDbUpdate
FN:82,readCache
FN:94,writeCache
FN:96,(anonymous_7)
FN:103,fetchJobs
FN:126,readAutoGhostSetting
FN:136,writeAutoGhostSetting
FN:148,runAutoGhost
FN:157,(anonymous_12)
FN:162,(anonymous_13)
FN:164,(anonymous_14)
FN:165,(anonymous_15)
FN:170,validateCoreFields
FN:178,validateDetailFields
FN:186,insertJob
FN:201,updateJob
FN:215,fetchJobsForExport
FN:227,(anonymous_21)
FN:238,fetchJobDetails
FN:253,updateJobDetails
FN:266,deleteJobs
FN:272,deleteAllJobs
FNF:26
FNH:0
FNDA:0,countJobs
FNDA:0,cacheKey
FNDA:0,dbJobToJob
FNDA:0,jobToDbInsert
FNDA:0,jobToDbUpdate
FNDA:0,readCache
FNDA:0,writeCache
FNDA:0,(anonymous_7)
FNDA:0,fetchJobs
FNDA:0,readAutoGhostSetting
FNDA:0,writeAutoGhostSetting
FNDA:0,runAutoGhost
FNDA:0,(anonymous_12)
FNDA:0,(anonymous_13)
FNDA:0,(anonymous_14)
FNDA:0,(anonymous_15)
FNDA:0,validateCoreFields
FNDA:0,validateDetailFields
FNDA:0,insertJob
FNDA:0,updateJob
FNDA:0,fetchJobsForExport
FNDA:0,(anonymous_21)
FNDA:0,fetchJobDetails
FNDA:0,updateJobDetails
FNDA:0,deleteJobs
FNDA:0,deleteAllJobs
DA:1,0
DA:5,0
DA:7,0
DA:8,0
DA:12,0
DA:13,0
DA:14,0
DA:16,0
DA:20,0
DA:31,0
DA:32,0
DA:37,0
DA:53,0
DA:70,0
DA:82,0
DA:83,0
DA:84,0
DA:85,0
DA:86,0
DA:87,0
DA:89,0
DA:94,0
DA:95,0
DA:96,0
DA:98,0
DA:103,0
DA:104,0
DA:110,0
DA:111,0
DA:112,0
DA:115,0
DA:119,0
DA:126,0
DA:127,0
DA:128,0
DA:129,0
DA:130,0
DA:132,0
DA:136,0
DA:137,0
DA:141,0
DA:148,0
DA:149,0
DA:150,0
DA:152,0
DA:153,0
DA:154,0
DA:156,0
DA:157,0
DA:159,0
DA:162,0
DA:164,0
DA:165,0
DA:171,0
DA:172,0
DA:173,0
DA:174,0
DA:175,0
DA:179,0
DA:180,0
DA:181,0
DA:182,0
DA:186,0
DA:187,0
DA:188,0
DA:190,0
DA:191,0
DA:193,0
DA:197,0
DA:198,0
DA:201,0
DA:202,0
DA:203,0
DA:205,0
DA:210,0
DA:211,0
DA:215,0
DA:216,0
DA:222,0
DA:223,0
DA:224,0
DA:227,0
DA:238,0
DA:239,0
DA:245,0
DA:246,0
DA:247,0
DA:249,0
DA:253,0
DA:254,0
DA:255,0
DA:257,0
DA:262,0
DA:263,0
DA:266,0
DA:267,0
DA:268,0
DA:269,0
DA:272,0
DA:273,0
DA:274,0
DA:275,0
LF:102
LH:0
BRDA:12,0,0,0
BRDA:12,0,1,0
BRDA:16,1,0,0
BRDA:16,1,1,0
BRDA:42,2,0,0
BRDA:42,2,1,0
BRDA:44,3,0,0
BRDA:44,3,1,0
BRDA:45,4,0,0
BRDA:45,4,1,0
BRDA:59,5,0,0
BRDA:59,5,1,0
BRDA:62,6,0,0
BRDA:62,6,1,0
BRDA:63,7,0,0
BRDA:63,7,1,0
BRDA:64,8,0,0
BRDA:64,8,1,0
BRDA:65,9,0,0
BRDA:65,9,1,0
BRDA:74,10,0,0
BRDA:74,10,1,0
BRDA:77,11,0,0
BRDA:77,11,1,0
BRDA:85,12,0,0
BRDA:85,12,1,0
BRDA:87,13,0,0
BRDA:87,13,1,0
BRDA:110,14,0,0
BRDA:110,14,1,0
BRDA:129,15,0,0
BRDA:129,15,1,0
BRDA:150,16,0,0
BRDA:150,16,1,0
BRDA:157,17,0,0
BRDA:157,17,1,0
BRDA:157,17,2,0
BRDA:159,18,0,0
BRDA:159,18,1,0
BRDA:165,19,0,0
BRDA:165,19,1,0
BRDA:171,20,0,0
BRDA:171,20,1,0
BRDA:172,21,0,0
BRDA:172,21,1,0
BRDA:173,22,0,0
BRDA:173,22,1,0
BRDA:174,23,0,0
BRDA:174,23,1,0
BRDA:179,24,0,0
BRDA:179,24,1,0
BRDA:179,25,0,0
BRDA:179,25,1,0
BRDA:180,26,0,0
BRDA:180,26,1,0
BRDA:180,27,0,0
BRDA:180,27,1,0
BRDA:181,28,0,0
BRDA:181,28,1,0
BRDA:181,29,0,0
BRDA:181,29,1,0
BRDA:188,30,0,0
BRDA:188,30,1,0
BRDA:191,31,0,0
BRDA:191,31,1,0
BRDA:197,32,0,0
BRDA:197,32,1,0
BRDA:198,33,0,0
BRDA:198,33,1,0
BRDA:203,34,0,0
BRDA:203,34,1,0
BRDA:210,35,0,0
BRDA:210,35,1,0
BRDA:211,36,0,0
BRDA:211,36,1,0
BRDA:222,37,0,0
BRDA:222,37,1,0
BRDA:229,38,0,0
BRDA:229,38,1,0
BRDA:230,39,0,0
BRDA:230,39,1,0
BRDA:231,40,0,0
BRDA:231,40,1,0
BRDA:245,41,0,0
BRDA:245,41,1,0
BRDA:255,42,0,0
BRDA:255,42,1,0
BRDA:262,43,0,0
BRDA:262,43,1,0
BRDA:263,44,0,0
BRDA:263,44,1,0
BRDA:267,45,0,0
BRDA:267,45,1,0
BRDA:269,46,0,0
BRDA:269,46,1,0
BRDA:274,47,0,0
BRDA:274,47,1,0
BRDA:275,48,0,0
BRDA:275,48,1,0
BRF:99
BRH:0
end_of_record
TN:
SF:src\services\musicService.ts
FN:24,rowToTrack
FN:30,fetchTracks
FN:44,createTrack
FN:61,renameTrack
FN:67,deleteTrack
FNF:5
FNH:0
FNDA:0,rowToTrack
FNDA:0,fetchTracks
FNDA:0,createTrack
FNDA:0,renameTrack
FNDA:0,deleteTrack
DA:1,0
DA:25,0
DA:30,0
DA:31,0
DA:36,0
DA:37,0
DA:38,0
DA:40,0
DA:44,0
DA:48,0
DA:53,0
DA:54,0
DA:55,0
DA:57,0
DA:61,0
DA:62,0
DA:63,0
DA:67,0
DA:68,0
DA:69,0
LF:20
LH:0
BRDA:36,0,0,0
BRDA:36,0,1,0
BRDA:53,1,0,0
BRDA:53,1,1,0
BRDA:63,2,0,0
BRDA:63,2,1,0
BRDA:69,3,0,0
BRDA:69,3,1,0
BRF:8
BRH:0
end_of_record
TN:
SF:src\services\ollamaService.ts
FN:7,fetchModels
FN:12,(anonymous_1)
FN:18,(anonymous_2)
FN:26,streamCompletion
FNF:4
FNH:3
FNDA:6,fetchModels
FNDA:0,(anonymous_1)
FNDA:2,(anonymous_2)
FNDA:9,streamCompletion
DA:1,1
DA:7,1
DA:11,6
DA:12,6
DA:13,6
DA:14,6
DA:15,4
DA:16,4
DA:17,3
DA:18,3
DA:19,3
DA:21,2
DA:22,2
DA:26,1
DA:35,9
DA:36,9
DA:37,9
DA:43,7
DA:44,2
DA:45,2
DA:47,5
DA:48,5
DA:49,5
DA:50,5
DA:51,6
DA:52,6
DA:53,5
DA:54,5
DA:55,5
DA:56,5
DA:57,9
DA:58,9
DA:59,9
DA:60,9
DA:61,8
DA:62,8
DA:66,1
DA:68,2
DA:69,1
LF:39
LH:39
BRDA:16,0,0,1
BRDA:16,0,1,3
BRDA:18,1,0,3
BRDA:18,1,1,1
BRDA:43,2,0,2
BRDA:43,2,1,5
BRDA:43,3,0,7
BRDA:43,3,1,5
BRDA:52,4,0,1
BRDA:52,4,1,5
BRDA:55,5,0,5
BRDA:55,5,1,0
BRDA:58,6,0,0
BRDA:58,6,1,9
BRDA:61,7,0,7
BRDA:61,7,1,1
BRDA:62,8,0,4
BRDA:62,8,1,4
BRDA:68,9,0,1
BRDA:68,9,1,1
BRDA:69,10,0,1
BRDA:69,10,1,0
BRF:22
BRH:19
end_of_record
TN:
SF:src\services\quickCastService.ts
FN:24,rowToLink
FN:31,fetchLinks
FN:45,createLink
FN:62,updateLink
FN:71,deleteLink
FN:77,reorderLinks
FN:78,(anonymous_6)
FNF:7
FNH:7
FNDA:2,rowToLink
FNDA:3,fetchLinks
FNDA:2,createLink
FNDA:1,updateLink
FNDA:1,deleteLink
FNDA:1,reorderLinks
FNDA:3,(anonymous_6)
DA:1,1
DA:25,2
DA:31,1
DA:32,3
DA:37,3
DA:38,1
DA:39,1
DA:41,2
DA:45,1
DA:49,2
DA:54,2
DA:55,1
DA:56,1
DA:58,1
DA:62,1
DA:63,1
DA:67,1
DA:71,1
DA:72,1
DA:73,1
DA:77,1
DA:78,1
DA:79,3
DA:84,1
LF:24
LH:24
BRDA:37,0,0,1
BRDA:37,0,1,2
BRDA:54,1,0,1
BRDA:54,1,1,1
BRDA:67,2,0,0
BRDA:67,2,1,1
BRDA:73,3,0,0
BRDA:73,3,1,1
BRF:8
BRH:6
end_of_record
TN:
SF:src\services\resumeService.ts
FN:13,fetchResumeSlots
FN:26,upsertResumeSlot
FN:44,deleteResumeSlot
FN:60,resumeStoragePath
FN:64,getResumeSignedUrl
FN:87,uploadResumePdf
FN:112,deleteResumePdf
FN:116,(anonymous_7)
FNF:8
FNH:0
FNDA:0,fetchResumeSlots
FNDA:0,upsertResumeSlot
FNDA:0,deleteResumeSlot
FNDA:0,resumeStoragePath
FNDA:0,getResumeSignedUrl
FNDA:0,uploadResumePdf
FNDA:0,deleteResumePdf
FNDA:0,(anonymous_7)
DA:1,0
DA:13,0
DA:14,0
DA:19,0
DA:20,0
DA:21,0
DA:23,0
DA:26,0
DA:31,0
DA:37,0
DA:38,0
DA:39,0
DA:41,0
DA:44,0
DA:48,0
DA:53,0
DA:54,0
DA:55,0
DA:57,0
DA:60,0
DA:61,0
DA:64,0
DA:69,0
DA:70,0
DA:71,0
DA:74,0
DA:76,0
DA:77,0
DA:80,0
DA:82,0
DA:87,0
DA:92,0
DA:93,0
DA:94,0
DA:95,0
DA:98,0
DA:99,0
DA:101,0
DA:102,0
DA:105,0
DA:106,0
DA:107,0
DA:109,0
DA:112,0
DA:116,0
DA:117,0
DA:118,0
DA:119,0
DA:120,0
DA:122,0
LF:50
LH:0
BRDA:19,0,0,0
BRDA:19,0,1,0
BRDA:23,1,0,0
BRDA:23,1,1,0
BRDA:37,2,0,0
BRDA:37,2,1,0
BRDA:53,3,0,0
BRDA:53,3,1,0
BRDA:60,4,0,0
BRDA:74,5,0,0
BRDA:74,5,1,0
BRDA:93,6,0,0
BRDA:93,6,1,0
BRDA:94,7,0,0
BRDA:94,7,1,0
BRDA:98,8,0,0
BRDA:98,8,1,0
BRDA:105,9,0,0
BRDA:105,9,1,0
BRDA:118,10,0,0
BRDA:118,10,1,0
BRF:21
BRH:0
end_of_record
TN:
SF:src\services\resumeTextService.ts
FN:13,cacheKey
FN:17,detectFormat
FN:24,extractPdf
FN:31,(anonymous_3)
FN:38,extractDocx
FN:43,extractTxt
FN:47,invalidateSlot
FN:51,getResumeText
FNF:8
FNH:0
FNDA:0,cacheKey
FNDA:0,detectFormat
FNDA:0,extractPdf
FNDA:0,(anonymous_3)
FNDA:0,extractDocx
FNDA:0,extractTxt
FNDA:0,invalidateSlot
FNDA:0,getResumeText
DA:1,0
DA:2,0
DA:5,0
DA:11,0
DA:14,0
DA:18,0
DA:19,0
DA:20,0
DA:21,0
DA:25,0
DA:26,0
DA:27,0
DA:28,0
DA:29,0
DA:30,0
DA:31,0
DA:33,0
DA:35,0
DA:39,0
DA:40,0
DA:44,0
DA:47,0
DA:48,0
DA:51,0
DA:56,0
DA:57,0
DA:58,0
DA:59,0
DA:60,0
DA:61,0
DA:62,0
DA:63,0
DA:64,0
DA:65,0
DA:66,0
DA:67,0
DA:68,0
DA:70,0
DA:71,0
LF:39
LH:0
BRDA:19,0,0,0
BRDA:19,0,1,0
BRDA:20,1,0,0
BRDA:20,1,1,0
BRDA:31,2,0,0
BRDA:31,2,1,0
BRDA:57,3,0,0
BRDA:57,3,1,0
BRDA:60,4,0,0
BRDA:60,4,1,0
BRDA:64,5,0,0
BRDA:64,5,1,0
BRDA:65,6,0,0
BRDA:65,6,1,0
BRF:14
BRH:0
end_of_record
TN:
SF:src\services\scratchPadService.ts
FN:11,fetchScratchPad
FN:21,upsertScratchPad
FNF:2
FNH:0
FNDA:0,fetchScratchPad
FNDA:0,upsertScratchPad
DA:1,0
DA:3,0
DA:4,0
DA:11,0
DA:12,0
DA:17,0
DA:18,0
DA:21,0
DA:25,0
DA:31,0
LF:10
LH:0
BRDA:17,0,0,0
BRDA:17,0,1,0
BRDA:17,1,0,0
BRDA:17,1,1,0
BRDA:18,2,0,0
BRDA:18,2,1,0
BRDA:18,3,0,0
BRDA:18,3,1,0
BRDA:31,4,0,0
BRDA:31,4,1,0
BRF:10
BRH:0
end_of_record
TN:
SF:src\services\workdayService.ts
FN:12,workdayCacheKey
FN:16,readWorkdayCache
FN:27,writeWorkdayCache
FN:37,startWorkday
FN:59,endWorkday
FN:70,deleteAllWorkdays
FN:77,fetchWorkdays
FNF:7
FNH:0
FNDA:0,workdayCacheKey
FNDA:0,readWorkdayCache
FNDA:0,writeWorkdayCache
FNDA:0,startWorkday
FNDA:0,endWorkday
FNDA:0,deleteAllWorkdays
FNDA:0,fetchWorkdays
DA:1,0
DA:13,0
DA:16,0
DA:17,0
DA:18,0
DA:19,0
DA:20,0
DA:21,0
DA:23,0
DA:27,0
DA:28,0
DA:29,0
DA:31,0
DA:37,0
DA:38,0
DA:40,0
DA:50,0
DA:51,0
DA:52,0
DA:55,0
DA:59,0
DA:60,0
DA:65,0
DA:66,0
DA:70,0
DA:71,0
DA:72,0
DA:73,0
DA:77,0
DA:78,0
DA:85,0
DA:86,0
DA:87,0
DA:90,0
DA:91,0
DA:92,0
LF:36
LH:0
BRDA:19,0,0,0
BRDA:19,0,1,0
BRDA:21,1,0,0
BRDA:21,1,1,0
BRDA:50,2,0,0
BRDA:50,2,1,0
BRDA:65,3,0,0
BRDA:65,3,1,0
BRDA:72,4,0,0
BRDA:72,4,1,0
BRDA:73,5,0,0
BRDA:73,5,1,0
BRDA:85,6,0,0
BRDA:85,6,1,0
BRF:14
BRH:0
end_of_record
